This file contains any messages produced by compilers while
running configure, to aid debugging if configure makes a mistake.

It was created by libdecnumber configure  , which was
generated by GNU Autoconf 2.59.  Invocation command line was

  $ /Users/kelwin/Projects/6.828/tools/gdb-6.8/libdecnumber/configure --cache-file=./config.cache --disable-werror --program-transform-name=s,^,i386-jos-elf-, --build=i386-apple-darwin10.8.0 --host=i386-apple-darwin10.8.0 --target=i386-jos-elf --srcdir=.././libdecnumber

## --------- ##
## Platform. ##
## --------- ##

hostname = KMac.local
uname -m = x86_64
uname -r = 10.8.0
uname -s = Darwin
uname -v = Darwin Kernel Version 10.8.0: Tue Jun  7 16:32:41 PDT 2011; root:xnu-1504.15.3~1/RELEASE_X86_64

/usr/bin/uname -p = i386
/bin/uname -X     = unknown

/bin/arch              = unknown
/usr/bin/arch -k       = unknown
/usr/convex/getsysinfo = unknown
hostinfo               = Mach kernel version:
	 Darwin Kernel Version 10.8.0: Tue Jun  7 16:32:41 PDT 2011; root:xnu-1504.15.3~1/RELEASE_X86_64
Kernel configured for up to 2 processors.
2 processors are physically available.
2 processors are logically available.
Processor type: i486 (Intel 80486)
Processors active: 0 1
Primary memory available: 8.00 gigabytes
Default processor set: 98 tasks, 430 threads, 2 processors
Load average: 2.04, Mach factor: 0.61
/bin/machine           = unknown
/usr/bin/oslevel       = unknown
/bin/universe          = unknown

PATH: /Users/kelwin/bin
PATH: /Users/kelwin/SDK/android-sdk-macosx/platform-tools
PATH: /Users/kelwin/SDK/android-sdk-macosx/tools
PATH: /opt/local/bin
PATH: /opt/local/sbin
PATH: /usr/bin
PATH: /bin
PATH: /usr/sbin
PATH: /sbin
PATH: /usr/local/bin
PATH: /usr/local/git/bin
PATH: /usr/texbin
PATH: /usr/X11/bin
PATH: /usr/local/mysql/bin


## ----------- ##
## Core tests. ##
## ----------- ##

configure:1229: creating cache ./config.cache
configure:1331: checking whether make sets $(MAKE)
configure:1351: result: yes
configure:1368: checking for i386-apple-darwin10.8.0-gcc
configure:1394: result: gcc
configure:1676: checking for C compiler version
configure:1679: gcc --version </dev/null >&5
i686-apple-darwin10-gcc-4.2.1 (GCC) 4.2.1 (Apple Inc. build 5666) (dot 3)
Copyright (C) 2007 Free Software Foundation, Inc.
This is free software; see the source for copying conditions.  There is NO
warranty; not even for MERCHANTABILITY or FITNESS FOR A PARTICULAR PURPOSE.

configure:1682: $? = 0
configure:1684: gcc -v </dev/null >&5
Using built-in specs.
Target: i686-apple-darwin10
Configured with: /var/tmp/gcc/gcc-5666.3~6/src/configure --disable-checking --enable-werror --prefix=/usr --mandir=/share/man --enable-languages=c,objc,c++,obj-c++ --program-transform-name=/^[cg][^.-]*$/s/$/-4.2/ --with-slibdir=/usr/lib --build=i686-apple-darwin10 --program-prefix=i686-apple-darwin10- --host=x86_64-apple-darwin10 --target=i686-apple-darwin10 --with-gxx-include-dir=/include/c++/4.2.1
Thread model: posix
gcc version 4.2.1 (Apple Inc. build 5666) (dot 3)
configure:1687: $? = 0
configure:1689: gcc -V </dev/null >&5
gcc-4.2: argument to `-V' is missing
configure:1692: $? = 1
configure:1715: checking for C compiler default output file name
configure:1718: gcc -g -O2   conftest.c  >&5
configure:1721: $? = 0
configure:1767: result: a.out
configure:1772: checking whether the C compiler works
configure:1778: ./a.out
configure:1781: $? = 0
configure:1798: result: yes
configure:1805: checking whether we are cross compiling
configure:1807: result: no
configure:1810: checking for suffix of executables
configure:1812: gcc -o conftest -g -O2   conftest.c  >&5
configure:1815: $? = 0
configure:1840: result: 
configure:1846: checking for suffix of object files
configure:1867: gcc -c -g -O2  conftest.c >&5
configure:1870: $? = 0
configure:1892: result: o
configure:1896: checking whether we are using the GNU C compiler
configure:1920: gcc -c -g -O2  conftest.c >&5
configure:1926: $? = 0
configure:1930: test -z 
			 || test ! -s conftest.err
configure:1933: $? = 0
configure:1936: test -s conftest.o
configure:1939: $? = 0
configure:1952: result: yes
configure:1958: checking whether gcc accepts -g
configure:1979: gcc -c -g  conftest.c >&5
configure:1985: $? = 0
configure:1989: test -z 
			 || test ! -s conftest.err
configure:1992: $? = 0
configure:1995: test -s conftest.o
configure:1998: $? = 0
configure:2009: result: yes
configure:2026: checking for gcc option to accept ANSI C
configure:2096: gcc  -c -g -O2  conftest.c >&5
configure:2102: $? = 0
configure:2106: test -z 
			 || test ! -s conftest.err
configure:2109: $? = 0
configure:2112: test -s conftest.o
configure:2115: $? = 0
configure:2133: result: none needed
configure:2151: gcc -c -g -O2  conftest.c >&5
conftest.c:2: error: expected '=', ',', ';', 'asm' or '__attribute__' before 'me'
configure:2157: $? = 1
configure: failed program was:
| #ifndef __cplusplus
|   choke me
| #endif
configure:2293: checking for i386-apple-darwin10.8.0-ranlib
configure:2319: result: ranlib
configure:2376: checking for aclocal
configure:2392: found /opt/local/bin/aclocal
configure:2402: result: aclocal
configure:2417: checking for autoconf
configure:2433: found /opt/local/bin/autoconf
configure:2443: result: autoconf
configure:2458: checking for autoheader
configure:2474: found /opt/local/bin/autoheader
configure:2484: result: autoheader
configure:2507: checking whether gcc supports -W
configure:2529: gcc -c -W  conftest.c >&5
configure:2535: $? = 0
configure:2539: test -z 
			 || test ! -s conftest.err
configure:2542: $? = 0
configure:2545: test -s conftest.o
configure:2548: $? = 0
configure:2560: result: yes
configure:2507: checking whether gcc supports -Wall
configure:2529: gcc -c -Wall  conftest.c >&5
configure:2535: $? = 0
configure:2539: test -z 
			 || test ! -s conftest.err
configure:2542: $? = 0
configure:2545: test -s conftest.o
configure:2548: $? = 0
configure:2560: result: yes
configure:2507: checking whether gcc supports -Wwrite-strings
configure:2529: gcc -c -Wwrite-strings  conftest.c >&5
configure:2535: $? = 0
configure:2539: test -z 
			 || test ! -s conftest.err
configure:2542: $? = 0
configure:2545: test -s conftest.o
configure:2548: $? = 0
configure:2560: result: yes
configure:2507: checking whether gcc supports -Wstrict-prototypes
configure:2529: gcc -c -Wstrict-prototypes  conftest.c >&5
conftest.c:12: warning: function declaration isn't a prototype
configure:2535: $? = 0
configure:2539: test -z 
			 || test ! -s conftest.err
configure:2542: $? = 0
configure:2545: test -s conftest.o
configure:2548: $? = 0
configure:2560: result: yes
configure:2507: checking whether gcc supports -Wmissing-prototypes
configure:2529: gcc -c -Wmissing-prototypes  conftest.c >&5
configure:2535: $? = 0
configure:2539: test -z 
			 || test ! -s conftest.err
configure:2542: $? = 0
configure:2545: test -s conftest.o
configure:2548: $? = 0
configure:2560: result: yes
configure:2507: checking whether gcc supports -Wold-style-definition
configure:2529: gcc -c -Wold-style-definition  conftest.c >&5
conftest.c: In function 'main':
conftest.c:12: warning: old-style function definition
configure:2535: $? = 0
configure:2539: test -z 
			 || test ! -s conftest.err
configure:2542: $? = 0
configure:2545: test -s conftest.o
configure:2548: $? = 0
configure:2560: result: yes
configure:2507: checking whether gcc supports -Wmissing-format-attribute
configure:2529: gcc -c -Wmissing-format-attribute  conftest.c >&5
configure:2535: $? = 0
configure:2539: test -z 
			 || test ! -s conftest.err
configure:2542: $? = 0
configure:2545: test -s conftest.o
configure:2548: $? = 0
configure:2560: result: yes
configure:2507: checking whether gcc supports -Wcast-qual
configure:2529: gcc -c -Wcast-qual  conftest.c >&5
configure:2535: $? = 0
configure:2539: test -z 
			 || test ! -s conftest.err
configure:2542: $? = 0
configure:2545: test -s conftest.o
configure:2548: $? = 0
configure:2560: result: yes
configure:2571: checking whether gcc supports -pedantic -Wno-long-long
configure:2594: gcc -c -pedantic -Wno-long-long  conftest.c >&5
configure:2600: $? = 0
configure:2604: test -z 
			 || test ! -s conftest.err
configure:2607: $? = 0
configure:2610: test -s conftest.o
configure:2613: $? = 0
configure:2625: result: yes
configure:2659: checking how to run the C preprocessor
configure:2694: gcc -E  conftest.c
configure:2700: $? = 0
configure:2732: gcc -E  conftest.c
conftest.c:9:28: error: ac_nonexistent.h: No such file or directory
configure:2738: $? = 1
configure: failed program was:
| /* confdefs.h.  */
| 
| #define PACKAGE_NAME "libdecnumber"
| #define PACKAGE_TARNAME "libdecnumber"
| #define PACKAGE_VERSION " "
| #define PACKAGE_STRING "libdecnumber  "
| #define PACKAGE_BUGREPORT "gcc-bugs@gcc.gnu.org"
| /* end confdefs.h.  */
| #include <ac_nonexistent.h>
configure:2777: result: gcc -E
configure:2801: gcc -E  conftest.c
configure:2807: $? = 0
configure:2839: gcc -E  conftest.c
conftest.c:9:28: error: ac_nonexistent.h: No such file or directory
configure:2845: $? = 1
configure: failed program was:
| /* confdefs.h.  */
| 
| #define PACKAGE_NAME "libdecnumber"
| #define PACKAGE_TARNAME "libdecnumber"
| #define PACKAGE_VERSION " "
| #define PACKAGE_STRING "libdecnumber  "
| #define PACKAGE_BUGREPORT "gcc-bugs@gcc.gnu.org"
| /* end confdefs.h.  */
| #include <ac_nonexistent.h>
configure:2889: checking for egrep
configure:2899: result: grep -E
configure:2904: checking for ANSI C header files
configure:2929: gcc -c -g -O2  conftest.c >&5
configure:2935: $? = 0
configure:2939: test -z 
			 || test ! -s conftest.err
configure:2942: $? = 0
configure:2945: test -s conftest.o
configure:2948: $? = 0
configure:3037: gcc -o conftest -g -O2   conftest.c  >&5
conftest.c: In function 'main':
conftest.c:26: warning: incompatible implicit declaration of built-in function 'exit'
configure:3040: $? = 0
configure:3042: ./conftest
configure:3045: $? = 0
configure:3060: result: yes
configure:3084: checking for sys/types.h
configure:3100: gcc -c -g -O2  conftest.c >&5
configure:3106: $? = 0
configure:3110: test -z 
			 || test ! -s conftest.err
configure:3113: $? = 0
configure:3116: test -s conftest.o
configure:3119: $? = 0
configure:3130: result: yes
configure:3084: checking for sys/stat.h
configure:3100: gcc -c -g -O2  conftest.c >&5
configure:3106: $? = 0
configure:3110: test -z 
			 || test ! -s conftest.err
configure:3113: $? = 0
configure:3116: test -s conftest.o
configure:3119: $? = 0
configure:3130: result: yes
configure:3084: checking for stdlib.h
configure:3100: gcc -c -g -O2  conftest.c >&5
configure:3106: $? = 0
configure:3110: test -z 
			 || test ! -s conftest.err
configure:3113: $? = 0
configure:3116: test -s conftest.o
configure:3119: $? = 0
configure:3130: result: yes
configure:3084: checking for string.h
configure:3100: gcc -c -g -O2  conftest.c >&5
configure:3106: $? = 0
configure:3110: test -z 
			 || test ! -s conftest.err
configure:3113: $? = 0
configure:3116: test -s conftest.o
configure:3119: $? = 0
configure:3130: result: yes
configure:3084: checking for memory.h
configure:3100: gcc -c -g -O2  conftest.c >&5
configure:3106: $? = 0
configure:3110: test -z 
			 || test ! -s conftest.err
configure:3113: $? = 0
configure:3116: test -s conftest.o
configure:3119: $? = 0
configure:3130: result: yes
configure:3084: checking for strings.h
configure:3100: gcc -c -g -O2  conftest.c >&5
configure:3106: $? = 0
configure:3110: test -z 
			 || test ! -s conftest.err
configure:3113: $? = 0
configure:3116: test -s conftest.o
configure:3119: $? = 0
configure:3130: result: yes
configure:3084: checking for inttypes.h
configure:3100: gcc -c -g -O2  conftest.c >&5
configure:3106: $? = 0
configure:3110: test -z 
			 || test ! -s conftest.err
configure:3113: $? = 0
configure:3116: test -s conftest.o
configure:3119: $? = 0
configure:3130: result: yes
configure:3084: checking for stdint.h
configure:3100: gcc -c -g -O2  conftest.c >&5
configure:3106: $? = 0
configure:3110: test -z 
			 || test ! -s conftest.err
configure:3113: $? = 0
configure:3116: test -s conftest.o
configure:3119: $? = 0
configure:3130: result: yes
configure:3084: checking for unistd.h
configure:3100: gcc -c -g -O2  conftest.c >&5
configure:3106: $? = 0
configure:3110: test -z 
			 || test ! -s conftest.err
configure:3113: $? = 0
configure:3116: test -s conftest.o
configure:3119: $? = 0
configure:3130: result: yes
configure:3159: checking ctype.h usability
configure:3171: gcc -c -g -O2  conftest.c >&5
configure:3177: $? = 0
configure:3181: test -z 
			 || test ! -s conftest.err
configure:3184: $? = 0
configure:3187: test -s conftest.o
configure:3190: $? = 0
configure:3200: result: yes
configure:3204: checking ctype.h presence
configure:3214: gcc -E  conftest.c
configure:3220: $? = 0
configure:3240: result: yes
configure:3275: checking for ctype.h
configure:3282: result: yes
configure:3159: checking stddef.h usability
configure:3171: gcc -c -g -O2  conftest.c >&5
configure:3177: $? = 0
configure:3181: test -z 
			 || test ! -s conftest.err
configure:3184: $? = 0
configure:3187: test -s conftest.o
configure:3190: $? = 0
configure:3200: result: yes
configure:3204: checking stddef.h presence
configure:3214: gcc -E  conftest.c
configure:3220: $? = 0
configure:3240: result: yes
configure:3275: checking for stddef.h
configure:3282: result: yes
configure:3150: checking for string.h
configure:3155: result: yes
configure:3159: checking stdio.h usability
configure:3171: gcc -c -g -O2  conftest.c >&5
configure:3177: $? = 0
configure:3181: test -z 
			 || test ! -s conftest.err
configure:3184: $? = 0
configure:3187: test -s conftest.o
configure:3190: $? = 0
configure:3200: result: yes
configure:3204: checking stdio.h presence
configure:3214: gcc -E  conftest.c
configure:3220: $? = 0
configure:3240: result: yes
configure:3275: checking for stdio.h
configure:3282: result: yes
configure:3308: checking for uintmax_t
configure:3334: gcc -c -g -O2  conftest.c >&5
configure:3340: $? = 0
configure:3344: test -z 
			 || test ! -s conftest.err
configure:3347: $? = 0
configure:3350: test -s conftest.o
configure:3353: $? = 0
configure:3364: result: yes
configure:3372: checking for uintptr_t
configure:3398: gcc -c -g -O2  conftest.c >&5
configure:3404: $? = 0
configure:3408: test -z 
			 || test ! -s conftest.err
configure:3411: $? = 0
configure:3414: test -s conftest.o
configure:3417: $? = 0
configure:3428: result: yes
configure:3436: checking for int_least32_t
configure:3462: gcc -c -g -O2  conftest.c >&5
configure:3468: $? = 0
configure:3472: test -z 
			 || test ! -s conftest.err
configure:3475: $? = 0
configure:3478: test -s conftest.o
configure:3481: $? = 0
configure:3492: result: yes
configure:3500: checking for int_fast32_t
configure:3526: gcc -c -g -O2  conftest.c >&5
configure:3532: $? = 0
configure:3536: test -z 
			 || test ! -s conftest.err
configure:3539: $? = 0
configure:3542: test -s conftest.o
configure:3545: $? = 0
configure:3556: result: yes
configure:3564: checking for uint64_t
configure:3590: gcc -c -g -O2  conftest.c >&5
configure:3596: $? = 0
configure:3600: test -z 
			 || test ! -s conftest.err
configure:3603: $? = 0
configure:3606: test -s conftest.o
configure:3609: $? = 0
configure:3620: result: yes
configure:3966: checking what to include in gstdint.h
configure:3986: result: stdint.h (already complete)
configure:6144: checking for an ANSI C-conforming const
configure:6211: gcc -c -g -O2  conftest.c >&5
configure:6217: $? = 0
configure:6221: test -z 
			 || test ! -s conftest.err
configure:6224: $? = 0
configure:6227: test -s conftest.o
configure:6230: $? = 0
configure:6241: result: yes
configure:6251: checking for off_t
configure:6275: gcc -c -g -O2  conftest.c >&5
configure:6281: $? = 0
configure:6285: test -z 
			 || test ! -s conftest.err
configure:6288: $? = 0
configure:6291: test -s conftest.o
configure:6294: $? = 0
configure:6305: result: yes
configure:6317: checking for int
configure:6341: gcc -c -g -O2  conftest.c >&5
configure:6347: $? = 0
configure:6351: test -z 
			 || test ! -s conftest.err
configure:6354: $? = 0
configure:6357: test -s conftest.o
configure:6360: $? = 0
configure:6371: result: yes
configure:6374: checking size of int
configure:6693: gcc -o conftest -g -O2   conftest.c  >&5
configure:6696: $? = 0
configure:6698: ./conftest
configure:6701: $? = 0
configure:6724: result: 4
configure:6731: checking for long
configure:6755: gcc -c -g -O2  conftest.c >&5
configure:6761: $? = 0
configure:6765: test -z 
			 || test ! -s conftest.err
configure:6768: $? = 0
configure:6771: test -s conftest.o
configure:6774: $? = 0
configure:6785: result: yes
configure:6788: checking size of long
configure:7107: gcc -o conftest -g -O2   conftest.c  >&5
configure:7110: $? = 0
configure:7112: ./conftest
configure:7115: $? = 0
configure:7138: result: 8
configure:7147: checking for ANSI C header files
configure:7303: result: yes
configure:7360: checking build system type
configure:7378: result: i386-apple-darwin10.8.0
configure:7386: checking host system type
configure:7400: result: i386-apple-darwin10.8.0
configure:7408: checking target system type
configure:7422: result: i386-jos-elf
configure:7439: checking for decimal floating point
configure:7488: result: dpd
configure:7493: checking whether byte ordering is bigendian
configure:7520: gcc -c -g -O2  conftest.c >&5
configure:7526: $? = 0
configure:7530: test -z 
			 || test ! -s conftest.err
configure:7533: $? = 0
configure:7536: test -s conftest.o
configure:7539: $? = 0
configure:7563: gcc -c -g -O2  conftest.c >&5
conftest.c: In function 'main':
conftest.c:33: error: 'not' undeclared (first use in this function)
conftest.c:33: error: (Each undeclared identifier is reported only once
conftest.c:33: error: for each function it appears in.)
conftest.c:33: error: expected ';' before 'big'
configure:7569: $? = 1
configure: failed program was:
| /* confdefs.h.  */
| 
| #define PACKAGE_NAME "libdecnumber"
| #define PACKAGE_TARNAME "libdecnumber"
| #define PACKAGE_VERSION " "
| #define PACKAGE_STRING "libdecnumber  "
| #define PACKAGE_BUGREPORT "gcc-bugs@gcc.gnu.org"
| #define STDC_HEADERS 1
| #define HAVE_SYS_TYPES_H 1
| #define HAVE_SYS_STAT_H 1
| #define HAVE_STDLIB_H 1
| #define HAVE_STRING_H 1
| #define HAVE_MEMORY_H 1
| #define HAVE_STRINGS_H 1
| #define HAVE_INTTYPES_H 1
| #define HAVE_STDINT_H 1
| #define HAVE_UNISTD_H 1
| #define HAVE_CTYPE_H 1
| #define HAVE_STDDEF_H 1
| #define HAVE_STRING_H 1
| #define HAVE_STDIO_H 1
| #define SIZEOF_INT 4
| #define SIZEOF_LONG 8
| #define STDC_HEADERS 1
| /* end confdefs.h.  */
| #include <sys/types.h>
| #include <sys/param.h>
| 
| int
| main ()
| {
| #if BYTE_ORDER != BIG_ENDIAN
|  not big endian
| #endif
| 
|   ;
|   return 0;
| }
configure:7704: result: no
configure:7825: creating ./config.status

## ---------------------- ##
## Running config.status. ##
## ---------------------- ##

This file was extended by libdecnumber config.status  , which was
generated by GNU Autoconf 2.59.  Invocation command line was

  CONFIG_FILES    = 
  CONFIG_HEADERS  = 
  CONFIG_LINKS    = 
  CONFIG_COMMANDS = 
  $ ./config.status 

on KMac.local

config.status:694: creating Makefile
config.status:790: creating config.h
config.status:1068: executing gstdint.h commands

## ---------------- ##
## Cache variables. ##
## ---------------- ##

ac_cv_build=i386-apple-darwin10.8.0
ac_cv_build_alias=i386-apple-darwin10.8.0
ac_cv_c_bigendian=no
ac_cv_c_compiler_gnu=yes
ac_cv_c_const=yes
ac_cv_env_CC_set=set
ac_cv_env_CC_value=gcc
ac_cv_env_CFLAGS_set=set
ac_cv_env_CFLAGS_value='-g -O2'
ac_cv_env_CPPFLAGS_set=
ac_cv_env_CPPFLAGS_value=
ac_cv_env_CPP_set=
ac_cv_env_CPP_value=
ac_cv_env_LDFLAGS_set=set
ac_cv_env_LDFLAGS_value=
ac_cv_env_build_alias_set=set
ac_cv_env_build_alias_value=i386-apple-darwin10.8.0
ac_cv_env_host_alias_set=set
ac_cv_env_host_alias_value=i386-apple-darwin10.8.0
ac_cv_env_target_alias_set=set
ac_cv_env_target_alias_value=i386-jos-elf
ac_cv_exeext=
ac_cv_header_ctype_h=yes
ac_cv_header_inttypes_h=yes
ac_cv_header_memory_h=yes
ac_cv_header_stdc=yes
ac_cv_header_stddef_h=yes
ac_cv_header_stdint_h=yes
ac_cv_header_stdio_h=yes
ac_cv_header_stdlib_h=yes
ac_cv_header_string_h=yes
ac_cv_header_strings_h=yes
ac_cv_header_sys_stat_h=yes
ac_cv_header_sys_types_h=yes
ac_cv_header_unistd_h=yes
ac_cv_host=i386-apple-darwin10.8.0
ac_cv_host_alias=i386-apple-darwin10.8.0
ac_cv_objext=o
ac_cv_prog_ACLOCAL=aclocal
ac_cv_prog_AUTOCONF=autoconf
ac_cv_prog_AUTOHEADER=autoheader
ac_cv_prog_CC=gcc
ac_cv_prog_CPP='gcc -E'
ac_cv_prog_RANLIB=ranlib
ac_cv_prog_cc_g=yes
ac_cv_prog_cc_stdc=
ac_cv_prog_egrep='grep -E'
ac_cv_prog_make_make_set=yes
ac_cv_sizeof_int=4
ac_cv_sizeof_long=8
ac_cv_target=i386-jos-elf
ac_cv_target_alias=i386-jos-elf
ac_cv_type_int=yes
ac_cv_type_int_fast32_t=yes
ac_cv_type_int_least32_t=yes
ac_cv_type_long=yes
ac_cv_type_off_t=yes
ac_cv_type_u_int64_t=no
ac_cv_type_uint64_t=yes
ac_cv_type_uintmax_t=yes
ac_cv_type_uintptr_t=yes
acx_cv_header_stdint=stdint.h
acx_cv_header_stdint_kind='(already complete)'
acx_cv_prog_cc_pedantic__Wno_long_long=yes
acx_cv_prog_cc_warning__W=yes
acx_cv_prog_cc_warning__Wall=yes
acx_cv_prog_cc_warning__Wcast_qual=yes
acx_cv_prog_cc_warning__Wmissing_format_attribute=yes
acx_cv_prog_cc_warning__Wmissing_prototypes=yes
acx_cv_prog_cc_warning__Wold_style_definition=yes
acx_cv_prog_cc_warning__Wstrict_prototypes=yes
acx_cv_prog_cc_warning__Wwrite_strings=yes

## ----------------- ##
## Output variables. ##
## ----------------- ##

ACLOCAL='aclocal'
ADDITIONAL_OBJS=''
AUTOCONF='autoconf'
AUTOHEADER='autoheader'
CC='gcc'
CFLAGS='-g -O2'
CPP='gcc -E'
CPPFLAGS=''
DEFS='-DHAVE_CONFIG_H'
ECHO_C='ECHO_N=''
ECHO_T=''
EGREP='grep -E'
EXEEXT=''
LDFLAGS=''
LIBOBJS=''
LIBS=''
LTLIBOBJS=''
MAINT='#'
OBJEXT='o'
PACKAGE_BUGREPORT='gcc-bugs@gcc.gnu.org'
PACKAGE_NAME='libdecnumber'
PACKAGE_STRING='libdecnumber  '
PACKAGE_TARNAME='libdecnumber'
PACKAGE_VERSION=' '
PATH_SEPARATOR=':'
RANLIB='ranlib'
SET_MAKE=''
SHELL='/bin/sh'
WARN_CFLAGS='-W -Wall -Wwrite-strings -Wstrict-prototypes -Wmissing-prototypes -Wold-style-definition -Wmissing-format-attribute -Wcast-qual'
WARN_PEDANTIC='-pedantic -Wno-long-long'
WERROR=''
ac_ct_CC=''
ac_ct_RANLIB=''
bindir='${exec_prefix}/bin'
build='i386-apple-darwin10.8.0'
build_alias='i386-apple-darwin10.8.0'
build_cpu='i386'
build_os='darwin10.8.0'
build_vendor='apple'
datadir='${prefix}/share'
enable_decimal_float='dpd'
exec_prefix='${prefix}'
host='i386-apple-darwin10.8.0'
host_alias='i386-apple-darwin10.8.0'
host_cpu='i386'
host_os='darwin10.8.0'
host_vendor='apple'
includedir='${prefix}/include'
infodir='${prefix}/info'
libdir='${exec_prefix}/lib'
libexecdir='${exec_prefix}/libexec'
localstatedir='${prefix}/var'
mandir='${prefix}/man'
oldincludedir='/usr/include'
prefix='/usr/local'
program_transform_name='s,^,i386-jos-elf-,'
sbindir='${exec_prefix}/sbin'
sharedstatedir='${prefix}/com'
sysconfdir='${prefix}/etc'
target='i386-jos-elf'
target_alias='i386-jos-elf'
target_cpu='i386'
target_os='elf'
target_vendor='jos'

## ----------- ##
## confdefs.h. ##
## ----------- ##

#define HAVE_CTYPE_H 1
#define HAVE_INTTYPES_H 1
#define HAVE_MEMORY_H 1
#define HAVE_STDDEF_H 1
#define HAVE_STDINT_H 1
#define HAVE_STDIO_H 1
#define HAVE_STDLIB_H 1
#define HAVE_STRINGS_H 1
#define HAVE_STRING_H 1
#define HAVE_STRING_H 1
#define HAVE_SYS_STAT_H 1
#define HAVE_SYS_TYPES_H 1
#define HAVE_UNISTD_H 1
#define PACKAGE_BUGREPORT "gcc-bugs@gcc.gnu.org"
#define PACKAGE_NAME "libdecnumber"
#define PACKAGE_STRING "libdecnumber  "
#define PACKAGE_TARNAME "libdecnumber"
#define PACKAGE_VERSION " "
#define SIZEOF_INT 4
#define SIZEOF_LONG 8
#define STDC_HEADERS 1
#define STDC_HEADERS 1

configure: exit 0
