This file contains any messages produced by compilers while
running configure, to aid debugging if configure makes a mistake.

It was created by configure, which was
generated by GNU Autoconf 2.59.  Invocation command line was

  $ /Users/kelwin/Projects/6.828/tools/gdb-6.8/bfd/configure --cache-file=./config.cache --disable-werror --program-transform-name=s,^,i386-jos-elf-, --build=i386-apple-darwin10.8.0 --host=i386-apple-darwin10.8.0 --target=i386-jos-elf --srcdir=.././bfd

## --------- ##
## Platform. ##
## --------- ##

hostname = KMac.local
uname -m = x86_64
uname -r = 10.8.0
uname -s = Darwin
uname -v = Darwin Kernel Version 10.8.0: Tue Jun  7 16:32:41 PDT 2011; root:xnu-1504.15.3~1/RELEASE_X86_64

/usr/bin/uname -p = i386
/bin/uname -X     = unknown

/bin/arch              = unknown
/usr/bin/arch -k       = unknown
/usr/convex/getsysinfo = unknown
hostinfo               = Mach kernel version:
	 Darwin Kernel Version 10.8.0: Tue Jun  7 16:32:41 PDT 2011; root:xnu-1504.15.3~1/RELEASE_X86_64
Kernel configured for up to 2 processors.
2 processors are physically available.
2 processors are logically available.
Processor type: i486 (Intel 80486)
Processors active: 0 1
Primary memory available: 8.00 gigabytes
Default processor set: 98 tasks, 426 threads, 2 processors
Load average: 1.56, Mach factor: 0.74
/bin/machine           = unknown
/usr/bin/oslevel       = unknown
/bin/universe          = unknown

PATH: /Users/kelwin/bin
PATH: /Users/kelwin/SDK/android-sdk-macosx/platform-tools
PATH: /Users/kelwin/SDK/android-sdk-macosx/tools
PATH: /opt/local/bin
PATH: /opt/local/sbin
PATH: /usr/bin
PATH: /bin
PATH: /usr/sbin
PATH: /sbin
PATH: /usr/local/bin
PATH: /usr/local/git/bin
PATH: /usr/texbin
PATH: /usr/X11/bin
PATH: /usr/local/mysql/bin


## ----------- ##
## Core tests. ##
## ----------- ##

configure:1404: creating cache ./config.cache
configure:1517: checking build system type
configure:1535: result: i386-apple-darwin10.8.0
configure:1543: checking host system type
configure:1557: result: i386-apple-darwin10.8.0
configure:1565: checking target system type
configure:1579: result: i386-jos-elf
configure:1601: checking for i386-apple-darwin10.8.0-gcc
configure:1627: result: gcc
configure:1909: checking for C compiler version
configure:1912: gcc --version </dev/null >&5
i686-apple-darwin10-gcc-4.2.1 (GCC) 4.2.1 (Apple Inc. build 5666) (dot 3)
Copyright (C) 2007 Free Software Foundation, Inc.
This is free software; see the source for copying conditions.  There is NO
warranty; not even for MERCHANTABILITY or FITNESS FOR A PARTICULAR PURPOSE.

configure:1915: $? = 0
configure:1917: gcc -v </dev/null >&5
Using built-in specs.
Target: i686-apple-darwin10
Configured with: /var/tmp/gcc/gcc-5666.3~6/src/configure --disable-checking --enable-werror --prefix=/usr --mandir=/share/man --enable-languages=c,objc,c++,obj-c++ --program-transform-name=/^[cg][^.-]*$/s/$/-4.2/ --with-slibdir=/usr/lib --build=i686-apple-darwin10 --program-prefix=i686-apple-darwin10- --host=x86_64-apple-darwin10 --target=i686-apple-darwin10 --with-gxx-include-dir=/include/c++/4.2.1
Thread model: posix
gcc version 4.2.1 (Apple Inc. build 5666) (dot 3)
configure:1920: $? = 0
configure:1922: gcc -V </dev/null >&5
gcc-4.2: argument to `-V' is missing
configure:1925: $? = 1
configure:1948: checking for C compiler default output file name
configure:1951: gcc -g -O2   conftest.c  >&5
configure:1954: $? = 0
configure:2000: result: a.out
configure:2005: checking whether the C compiler works
configure:2011: ./a.out
configure:2014: $? = 0
configure:2031: result: yes
configure:2038: checking whether we are cross compiling
configure:2040: result: no
configure:2043: checking for suffix of executables
configure:2045: gcc -o conftest -g -O2   conftest.c  >&5
configure:2048: $? = 0
configure:2073: result: 
configure:2079: checking for suffix of object files
configure:2100: gcc -c -g -O2  conftest.c >&5
configure:2103: $? = 0
configure:2125: result: o
configure:2129: checking whether we are using the GNU C compiler
configure:2153: gcc -c -g -O2  conftest.c >&5
configure:2159: $? = 0
configure:2163: test -z 
			 || test ! -s conftest.err
configure:2166: $? = 0
configure:2169: test -s conftest.o
configure:2172: $? = 0
configure:2185: result: yes
configure:2191: checking whether gcc accepts -g
configure:2212: gcc -c -g  conftest.c >&5
configure:2218: $? = 0
configure:2222: test -z 
			 || test ! -s conftest.err
configure:2225: $? = 0
configure:2228: test -s conftest.o
configure:2231: $? = 0
configure:2242: result: yes
configure:2259: checking for gcc option to accept ANSI C
configure:2329: gcc  -c -g -O2  conftest.c >&5
configure:2335: $? = 0
configure:2339: test -z 
			 || test ! -s conftest.err
configure:2342: $? = 0
configure:2345: test -s conftest.o
configure:2348: $? = 0
configure:2366: result: none needed
configure:2384: gcc -c -g -O2  conftest.c >&5
conftest.c:2: error: expected '=', ',', ';', 'asm' or '__attribute__' before 'me'
configure:2390: $? = 1
configure: failed program was:
| #ifndef __cplusplus
|   choke me
| #endif
configure:2524: checking for library containing strerror
configure:2554: gcc -o conftest -g -O2   conftest.c  >&5
configure:2560: $? = 0
configure:2564: test -z 
			 || test ! -s conftest.err
configure:2567: $? = 0
configure:2570: test -s conftest
configure:2573: $? = 0
configure:2643: result: none required
configure:2665: checking for a BSD-compatible install
configure:2720: result: /usr/bin/install -c
configure:2731: checking whether build environment is sane
configure:2774: result: yes
configure:2839: checking for gawk
configure:2868: result: no
configure:2839: checking for mawk
configure:2868: result: no
configure:2839: checking for nawk
configure:2868: result: no
configure:2839: checking for awk
configure:2855: found /usr/bin/awk
configure:2865: result: awk
configure:2875: checking whether make sets $(MAKE)
configure:2895: result: yes
configure:2925: checking for style of include used by make
configure:2953: result: GNU
configure:3129: checking dependency style of gcc
configure:3219: result: none
configure:3241: checking for i386-apple-darwin10.8.0-ar
configure:3267: result: ar
configure:3320: checking for i386-apple-darwin10.8.0-ranlib
configure:3346: result: ranlib
configure:3438: checking for i386-apple-darwin10.8.0-gcc
configure:3464: result: gcc
configure:3746: checking for C compiler version
configure:3749: gcc --version </dev/null >&5
i686-apple-darwin10-gcc-4.2.1 (GCC) 4.2.1 (Apple Inc. build 5666) (dot 3)
Copyright (C) 2007 Free Software Foundation, Inc.
This is free software; see the source for copying conditions.  There is NO
warranty; not even for MERCHANTABILITY or FITNESS FOR A PARTICULAR PURPOSE.

configure:3752: $? = 0
configure:3754: gcc -v </dev/null >&5
Using built-in specs.
Target: i686-apple-darwin10
Configured with: /var/tmp/gcc/gcc-5666.3~6/src/configure --disable-checking --enable-werror --prefix=/usr --mandir=/share/man --enable-languages=c,objc,c++,obj-c++ --program-transform-name=/^[cg][^.-]*$/s/$/-4.2/ --with-slibdir=/usr/lib --build=i686-apple-darwin10 --program-prefix=i686-apple-darwin10- --host=x86_64-apple-darwin10 --target=i686-apple-darwin10 --with-gxx-include-dir=/include/c++/4.2.1
Thread model: posix
gcc version 4.2.1 (Apple Inc. build 5666) (dot 3)
configure:3757: $? = 0
configure:3759: gcc -V </dev/null >&5
gcc-4.2: argument to `-V' is missing
configure:3762: $? = 1
configure:3765: checking whether we are using the GNU C compiler
configure:3821: result: yes
configure:3827: checking whether gcc accepts -g
configure:3878: result: yes
configure:3895: checking for gcc option to accept ANSI C
configure:4002: result: none needed
configure:4020: gcc -c -g -O2  conftest.c >&5
conftest.c:2: error: expected '=', ',', ';', 'asm' or '__attribute__' before 'me'
configure:4026: $? = 1
configure: failed program was:
| #ifndef __cplusplus
|   choke me
| #endif
configure:4272: checking for a sed that does not truncate output
configure:4328: result: /usr/bin/sed
configure:4344: checking for egrep
configure:4354: result: grep -E
configure:4359: checking for fgrep
configure:4369: result: grep -F
configure:4404: checking for ld used by gcc
configure:4471: result: /usr/libexec/gcc/i686-apple-darwin10/4.2.1/ld
configure:4480: checking if the linker (/usr/libexec/gcc/i686-apple-darwin10/4.2.1/ld) is GNU ld
configure:4495: result: no
configure:4508: checking for BSD- or MS-compatible name lister (nm)
configure:4557: result: nm
configure:4662: checking the name lister (nm) interface
configure:4669: gcc -c -g -O2  conftest.c >&5
configure:4672: nm "conftest.o"
configure:4675: output
0000000000000194 D _some_variable
configure:4682: result: BSD nm
configure:4685: checking whether ln -s works
configure:4689: result: yes
configure:4697: checking the maximum length of command line arguments
configure:4817: result: 196608
configure:4835: checking whether the shell understands some XSI constructs
configure:4843: result: yes
configure:4847: checking whether the shell understands "+="
configure:4853: result: yes
configure:4888: checking for /usr/libexec/gcc/i686-apple-darwin10/4.2.1/ld option to reload object files
configure:4895: result: -r
configure:4922: checking how to recognize dependent libraries
configure:5112: result: pass_all
configure:5132: checking for i386-apple-darwin10.8.0-ar
configure:5158: result: ar
configure:5225: checking for i386-apple-darwin10.8.0-strip
configure:5254: result: no
configure:5263: checking for strip
configure:5279: found /usr/bin/strip
configure:5290: result: strip
configure:5312: checking for i386-apple-darwin10.8.0-ranlib
configure:5338: result: ranlib
configure:5457: checking command to parse nm output from gcc object
configure:5574: gcc -c -g -O2  conftest.c >&5
configure:5577: $? = 0
configure:5581: nm conftest.o \| sed -n -e 's/^.*[	 ]\([BCDEGRST][BCDEGRST]*\)[	 ][	 ]*\([_A-Za-z][_A-Za-z0-9]*\)$/\1 \2 \2/p' \> conftest.nm
configure:5584: $? = 0
cannot find nm_test_var in conftest.nm
configure:5574: gcc -c -g -O2  conftest.c >&5
configure:5577: $? = 0
configure:5581: nm conftest.o \| sed -n -e 's/^.*[	 ]\([BCDEGRST][BCDEGRST]*\)[	 ][	 ]*_\([_A-Za-z][_A-Za-z0-9]*\)$/\1 _\2 \2/p' \> conftest.nm
configure:5584: $? = 0
configure:5638: gcc -o conftest -g -O2   conftest.c conftstm.o >&5
configure:5641: $? = 0
configure:5679: result: ok
configure:5921: checking how to run the C preprocessor
configure:5956: gcc -E  conftest.c
configure:5962: $? = 0
configure:5994: gcc -E  conftest.c
conftest.c:12:28: error: ac_nonexistent.h: No such file or directory
configure:6000: $? = 1
configure: failed program was:
| /* confdefs.h.  */
| 
| #define PACKAGE_NAME ""
| #define PACKAGE_TARNAME ""
| #define PACKAGE_VERSION ""
| #define PACKAGE_STRING ""
| #define PACKAGE_BUGREPORT ""
| #define PACKAGE "bfd"
| #define VERSION "2.18.50"
| #define _GNU_SOURCE 1
| /* end confdefs.h.  */
| #include <ac_nonexistent.h>
configure:6039: result: gcc -E
configure:6063: gcc -E  conftest.c
configure:6069: $? = 0
configure:6101: gcc -E  conftest.c
conftest.c:12:28: error: ac_nonexistent.h: No such file or directory
configure:6107: $? = 1
configure: failed program was:
| /* confdefs.h.  */
| 
| #define PACKAGE_NAME ""
| #define PACKAGE_TARNAME ""
| #define PACKAGE_VERSION ""
| #define PACKAGE_STRING ""
| #define PACKAGE_BUGREPORT ""
| #define PACKAGE "bfd"
| #define VERSION "2.18.50"
| #define _GNU_SOURCE 1
| /* end confdefs.h.  */
| #include <ac_nonexistent.h>
configure:6151: checking for ANSI C header files
configure:6176: gcc -c -g -O2  conftest.c >&5
configure:6182: $? = 0
configure:6186: test -z 
			 || test ! -s conftest.err
configure:6189: $? = 0
configure:6192: test -s conftest.o
configure:6195: $? = 0
configure:6284: gcc -o conftest -g -O2   conftest.c  >&5
conftest.c: In function 'main':
conftest.c:29: warning: incompatible implicit declaration of built-in function 'exit'
configure:6287: $? = 0
configure:6289: ./conftest
configure:6292: $? = 0
configure:6307: result: yes
configure:6331: checking for sys/types.h
configure:6347: gcc -c -g -O2  conftest.c >&5
configure:6353: $? = 0
configure:6357: test -z 
			 || test ! -s conftest.err
configure:6360: $? = 0
configure:6363: test -s conftest.o
configure:6366: $? = 0
configure:6377: result: yes
configure:6331: checking for sys/stat.h
configure:6347: gcc -c -g -O2  conftest.c >&5
configure:6353: $? = 0
configure:6357: test -z 
			 || test ! -s conftest.err
configure:6360: $? = 0
configure:6363: test -s conftest.o
configure:6366: $? = 0
configure:6377: result: yes
configure:6331: checking for stdlib.h
configure:6347: gcc -c -g -O2  conftest.c >&5
configure:6353: $? = 0
configure:6357: test -z 
			 || test ! -s conftest.err
configure:6360: $? = 0
configure:6363: test -s conftest.o
configure:6366: $? = 0
configure:6377: result: yes
configure:6331: checking for string.h
configure:6347: gcc -c -g -O2  conftest.c >&5
configure:6353: $? = 0
configure:6357: test -z 
			 || test ! -s conftest.err
configure:6360: $? = 0
configure:6363: test -s conftest.o
configure:6366: $? = 0
configure:6377: result: yes
configure:6331: checking for memory.h
configure:6347: gcc -c -g -O2  conftest.c >&5
configure:6353: $? = 0
configure:6357: test -z 
			 || test ! -s conftest.err
configure:6360: $? = 0
configure:6363: test -s conftest.o
configure:6366: $? = 0
configure:6377: result: yes
configure:6331: checking for strings.h
configure:6347: gcc -c -g -O2  conftest.c >&5
configure:6353: $? = 0
configure:6357: test -z 
			 || test ! -s conftest.err
configure:6360: $? = 0
configure:6363: test -s conftest.o
configure:6366: $? = 0
configure:6377: result: yes
configure:6331: checking for inttypes.h
configure:6347: gcc -c -g -O2  conftest.c >&5
configure:6353: $? = 0
configure:6357: test -z 
			 || test ! -s conftest.err
configure:6360: $? = 0
configure:6363: test -s conftest.o
configure:6366: $? = 0
configure:6377: result: yes
configure:6331: checking for stdint.h
configure:6347: gcc -c -g -O2  conftest.c >&5
configure:6353: $? = 0
configure:6357: test -z 
			 || test ! -s conftest.err
configure:6360: $? = 0
configure:6363: test -s conftest.o
configure:6366: $? = 0
configure:6377: result: yes
configure:6331: checking for unistd.h
configure:6347: gcc -c -g -O2  conftest.c >&5
configure:6353: $? = 0
configure:6357: test -z 
			 || test ! -s conftest.err
configure:6360: $? = 0
configure:6363: test -s conftest.o
configure:6366: $? = 0
configure:6377: result: yes
configure:6393: checking for dlfcn.h
configure:6409: gcc -c -g -O2  conftest.c >&5
configure:6415: $? = 0
configure:6419: test -z 
			 || test ! -s conftest.err
configure:6422: $? = 0
configure:6425: test -s conftest.o
configure:6428: $? = 0
configure:6439: result: yes
configure:6501: checking for objdir
configure:6516: result: .libs
configure:6812: checking if gcc supports -fno-rtti -fno-exceptions
configure:6830: gcc -c -g -O2  -fno-rtti -fno-exceptions conftest.c >&5
cc1: warning: command line option "-fno-rtti" is valid for C++/ObjC++ but not for C
configure:6834: $? = 0
configure:6847: result: no
configure:6867: checking for gcc option to produce PIC
configure:7122: result: -fno-common -DPIC
configure:7134: checking if gcc PIC flag -fno-common -DPIC works
configure:7152: gcc -c -g -O2  -fno-common -DPIC -DPIC conftest.c >&5
configure:7156: $? = 0
configure:7169: result: yes
configure:7193: checking if gcc static flag -static works
configure:7221: result: no
configure:7236: checking if gcc supports -c -o file.o
configure:7257: gcc -c -g -O2  -o out/conftest2.o conftest.c >&5
configure:7261: $? = 0
configure:7283: result: yes
configure:7291: checking if gcc supports -c -o file.o
configure:7338: result: yes
configure:7371: checking whether the gcc linker (/usr/libexec/gcc/i686-apple-darwin10/4.2.1/ld) supports shared libraries
configure:8451: result: yes
configure:8690: checking dynamic linker characteristics
configure:9366: result: darwin10.8.0 dyld
configure:9461: checking how to hardcode library paths into programs
configure:9486: result: immediate
configure:10332: checking whether stripping libraries is possible
configure:10346: result: yes
configure:10372: checking if libtool supports shared libraries
configure:10374: result: yes
configure:10377: checking whether to build shared libraries
configure:10398: result: no
configure:10401: checking whether to build static libraries
configure:10405: result: yes
configure:10670: checking whether to enable maintainer-specific portions of Makefiles
configure:10679: result: no
configure:10719: checking whether to install libbfd
configure:10732: result: no
configure:10782: checking whether NLS is requested
configure:10788: result: yes
configure:10796: checking for catalogs to be installed
configure:10828: result:  da es fi fr ja ro rw sv tr vi zh_CN da es fi fr ja ro rw sv tr vi zh_CN
configure:10855: checking whether NLS is requested
configure:10864: result: yes
configure:10902: checking for msgfmt
configure:10933: result: /opt/local/bin/msgfmt
configure:10942: checking for gmsgfmt
configure:10973: result: /opt/local/bin/msgfmt
configure:11012: checking for xgettext
configure:11043: result: /opt/local/bin/xgettext
configure:11083: checking for msgmerge
configure:11113: result: /opt/local/bin/msgmerge
configure:11166: checking for a BSD-compatible install
configure:11221: result: /usr/bin/install -c
configure:11240: checking for long long
configure:11264: gcc -c -g -O2  conftest.c >&5
configure:11270: $? = 0
configure:11274: test -z 
			 || test ! -s conftest.err
configure:11277: $? = 0
configure:11280: test -s conftest.o
configure:11283: $? = 0
configure:11294: result: yes
configure:11297: checking size of long long
configure:11616: gcc -o conftest -g -O2   conftest.c  >&5
configure:11619: $? = 0
configure:11621: ./conftest
configure:11624: $? = 0
configure:11647: result: 8
configure:11654: checking for void *
configure:11678: gcc -c -g -O2  conftest.c >&5
configure:11684: $? = 0
configure:11688: test -z 
			 || test ! -s conftest.err
configure:11691: $? = 0
configure:11694: test -s conftest.o
configure:11697: $? = 0
configure:11708: result: yes
configure:11711: checking size of void *
configure:12030: gcc -o conftest -g -O2   conftest.c  >&5
configure:12033: $? = 0
configure:12035: ./conftest
configure:12038: $? = 0
configure:12061: result: 8
configure:12068: checking for long
configure:12092: gcc -c -g -O2  conftest.c >&5
configure:12098: $? = 0
configure:12102: test -z 
			 || test ! -s conftest.err
configure:12105: $? = 0
configure:12108: test -s conftest.o
configure:12111: $? = 0
configure:12122: result: yes
configure:12125: checking size of long
configure:12444: gcc -o conftest -g -O2   conftest.c  >&5
configure:12447: $? = 0
configure:12449: ./conftest
configure:12452: $? = 0
configure:12475: result: 8
configure:12571: checking alloca.h usability
configure:12583: gcc -c -g -O2  conftest.c >&5
configure:12589: $? = 0
configure:12593: test -z 
			 || test ! -s conftest.err
configure:12596: $? = 0
configure:12599: test -s conftest.o
configure:12602: $? = 0
configure:12612: result: yes
configure:12616: checking alloca.h presence
configure:12626: gcc -E  conftest.c
configure:12632: $? = 0
configure:12652: result: yes
configure:12687: checking for alloca.h
configure:12694: result: yes
configure:12571: checking stddef.h usability
configure:12583: gcc -c -g -O2  conftest.c >&5
configure:12589: $? = 0
configure:12593: test -z 
			 || test ! -s conftest.err
configure:12596: $? = 0
configure:12599: test -s conftest.o
configure:12602: $? = 0
configure:12612: result: yes
configure:12616: checking stddef.h presence
configure:12626: gcc -E  conftest.c
configure:12632: $? = 0
configure:12652: result: yes
configure:12687: checking for stddef.h
configure:12694: result: yes
configure:12562: checking for string.h
configure:12567: result: yes
configure:12562: checking for strings.h
configure:12567: result: yes
configure:12562: checking for stdlib.h
configure:12567: result: yes
configure:12571: checking time.h usability
configure:12583: gcc -c -g -O2  conftest.c >&5
configure:12589: $? = 0
configure:12593: test -z 
			 || test ! -s conftest.err
configure:12596: $? = 0
configure:12599: test -s conftest.o
configure:12602: $? = 0
configure:12612: result: yes
configure:12616: checking time.h presence
configure:12626: gcc -E  conftest.c
configure:12632: $? = 0
configure:12652: result: yes
configure:12687: checking for time.h
configure:12694: result: yes
configure:12562: checking for unistd.h
configure:12567: result: yes
configure:12723: checking fcntl.h usability
configure:12735: gcc -c -g -O2  conftest.c >&5
configure:12741: $? = 0
configure:12745: test -z 
			 || test ! -s conftest.err
configure:12748: $? = 0
configure:12751: test -s conftest.o
configure:12754: $? = 0
configure:12764: result: yes
configure:12768: checking fcntl.h presence
configure:12778: gcc -E  conftest.c
configure:12784: $? = 0
configure:12804: result: yes
configure:12839: checking for fcntl.h
configure:12846: result: yes
configure:12723: checking sys/file.h usability
configure:12735: gcc -c -g -O2  conftest.c >&5
configure:12741: $? = 0
configure:12745: test -z 
			 || test ! -s conftest.err
configure:12748: $? = 0
configure:12751: test -s conftest.o
configure:12754: $? = 0
configure:12764: result: yes
configure:12768: checking sys/file.h presence
configure:12778: gcc -E  conftest.c
configure:12784: $? = 0
configure:12804: result: yes
configure:12839: checking for sys/file.h
configure:12846: result: yes
configure:12723: checking sys/time.h usability
configure:12735: gcc -c -g -O2  conftest.c >&5
configure:12741: $? = 0
configure:12745: test -z 
			 || test ! -s conftest.err
configure:12748: $? = 0
configure:12751: test -s conftest.o
configure:12754: $? = 0
configure:12764: result: yes
configure:12768: checking sys/time.h presence
configure:12778: gcc -E  conftest.c
configure:12784: $? = 0
configure:12804: result: yes
configure:12839: checking for sys/time.h
configure:12846: result: yes
configure:12872: checking for uintmax_t
configure:12898: gcc -c -g -O2  conftest.c >&5
configure:12904: $? = 0
configure:12908: test -z 
			 || test ! -s conftest.err
configure:12911: $? = 0
configure:12914: test -s conftest.o
configure:12917: $? = 0
configure:12928: result: yes
configure:12936: checking for uintptr_t
configure:12962: gcc -c -g -O2  conftest.c >&5
configure:12968: $? = 0
configure:12972: test -z 
			 || test ! -s conftest.err
configure:12975: $? = 0
configure:12978: test -s conftest.o
configure:12981: $? = 0
configure:12992: result: yes
configure:13000: checking for int_least32_t
configure:13026: gcc -c -g -O2  conftest.c >&5
configure:13032: $? = 0
configure:13036: test -z 
			 || test ! -s conftest.err
configure:13039: $? = 0
configure:13042: test -s conftest.o
configure:13045: $? = 0
configure:13056: result: yes
configure:13064: checking for int_fast32_t
configure:13090: gcc -c -g -O2  conftest.c >&5
configure:13096: $? = 0
configure:13100: test -z 
			 || test ! -s conftest.err
configure:13103: $? = 0
configure:13106: test -s conftest.o
configure:13109: $? = 0
configure:13120: result: yes
configure:13128: checking for uint64_t
configure:13154: gcc -c -g -O2  conftest.c >&5
configure:13160: $? = 0
configure:13164: test -z 
			 || test ! -s conftest.err
configure:13167: $? = 0
configure:13170: test -s conftest.o
configure:13173: $? = 0
configure:13184: result: yes
configure:13530: checking what to include in bfd_stdint.h
configure:13550: result: stdint.h (already complete)
configure:15706: checking whether time.h and sys/time.h may both be included
configure:15731: gcc -c -g -O2  conftest.c >&5
configure:15737: $? = 0
configure:15741: test -z 
			 || test ! -s conftest.err
configure:15744: $? = 0
configure:15747: test -s conftest.o
configure:15750: $? = 0
configure:15761: result: yes
configure:15779: checking for dirent.h that defines DIR
configure:15803: gcc -c -g -O2  conftest.c >&5
configure:15809: $? = 0
configure:15813: test -z 
			 || test ! -s conftest.err
configure:15816: $? = 0
configure:15819: test -s conftest.o
configure:15822: $? = 0
configure:15833: result: yes
configure:15846: checking for library containing opendir
configure:15876: gcc -o conftest -g -O2   conftest.c  >&5
configure:15882: $? = 0
configure:15886: test -z 
			 || test ! -s conftest.err
configure:15889: $? = 0
configure:15892: test -s conftest
configure:15895: $? = 0
configure:15965: result: none required
configure:16101: checking whether string.h and strings.h may both be included
configure:16123: gcc -c -g -O2  conftest.c >&5
configure:16129: $? = 0
configure:16133: test -z 
			 || test ! -s conftest.err
configure:16136: $? = 0
configure:16139: test -s conftest.o
configure:16142: $? = 0
configure:16153: result: yes
configure:16173: checking for fcntl
configure:16230: gcc -o conftest -g -O2   conftest.c  >&5
configure:16236: $? = 0
configure:16240: test -z 
			 || test ! -s conftest.err
configure:16243: $? = 0
configure:16246: test -s conftest
configure:16249: $? = 0
configure:16261: result: yes
configure:16173: checking for getpagesize
configure:16230: gcc -o conftest -g -O2   conftest.c  >&5
configure:16236: $? = 0
configure:16240: test -z 
			 || test ! -s conftest.err
configure:16243: $? = 0
configure:16246: test -s conftest
configure:16249: $? = 0
configure:16261: result: yes
configure:16173: checking for setitimer
configure:16230: gcc -o conftest -g -O2   conftest.c  >&5
configure:16236: $? = 0
configure:16240: test -z 
			 || test ! -s conftest.err
configure:16243: $? = 0
configure:16246: test -s conftest
configure:16249: $? = 0
configure:16261: result: yes
configure:16173: checking for sysconf
configure:16230: gcc -o conftest -g -O2   conftest.c  >&5
configure:16236: $? = 0
configure:16240: test -z 
			 || test ! -s conftest.err
configure:16243: $? = 0
configure:16246: test -s conftest
configure:16249: $? = 0
configure:16261: result: yes
configure:16173: checking for fdopen
configure:16230: gcc -o conftest -g -O2   conftest.c  >&5
configure:16236: $? = 0
configure:16240: test -z 
			 || test ! -s conftest.err
configure:16243: $? = 0
configure:16246: test -s conftest
configure:16249: $? = 0
configure:16261: result: yes
configure:16173: checking for getuid
configure:16230: gcc -o conftest -g -O2   conftest.c  >&5
configure:16236: $? = 0
configure:16240: test -z 
			 || test ! -s conftest.err
configure:16243: $? = 0
configure:16246: test -s conftest
configure:16249: $? = 0
configure:16261: result: yes
configure:16173: checking for getgid
configure:16230: gcc -o conftest -g -O2   conftest.c  >&5
configure:16236: $? = 0
configure:16240: test -z 
			 || test ! -s conftest.err
configure:16243: $? = 0
configure:16246: test -s conftest
configure:16249: $? = 0
configure:16261: result: yes
configure:16275: checking for strtoull
configure:16332: gcc -o conftest -g -O2   conftest.c  >&5
configure:16338: $? = 0
configure:16342: test -z 
			 || test ! -s conftest.err
configure:16345: $? = 0
configure:16348: test -s conftest
configure:16351: $? = 0
configure:16363: result: yes
configure:16374: checking whether basename is declared
configure:16398: gcc -c -g -O2  conftest.c >&5
conftest.c: In function 'main':
conftest.c:87: error: 'basename' undeclared (first use in this function)
conftest.c:87: error: (Each undeclared identifier is reported only once
conftest.c:87: error: for each function it appears in.)
configure:16404: $? = 1
configure: failed program was:
| /* confdefs.h.  */
| 
| #define PACKAGE_NAME ""
| #define PACKAGE_TARNAME ""
| #define PACKAGE_VERSION ""
| #define PACKAGE_STRING ""
| #define PACKAGE_BUGREPORT ""
| #define PACKAGE "bfd"
| #define VERSION "2.18.50"
| #define _GNU_SOURCE 1
| #define STDC_HEADERS 1
| #define HAVE_SYS_TYPES_H 1
| #define HAVE_SYS_STAT_H 1
| #define HAVE_STDLIB_H 1
| #define HAVE_STRING_H 1
| #define HAVE_MEMORY_H 1
| #define HAVE_STRINGS_H 1
| #define HAVE_INTTYPES_H 1
| #define HAVE_STDINT_H 1
| #define HAVE_UNISTD_H 1
| #define HAVE_DLFCN_H 1
| #define LT_OBJDIR ".libs/"
| #define ENABLE_NLS 1
| #define SIZEOF_LONG_LONG 8
| #define SIZEOF_VOID_P 8
| #define SIZEOF_LONG 8
| #define HAVE_ALLOCA_H 1
| #define HAVE_STDDEF_H 1
| #define HAVE_STRING_H 1
| #define HAVE_STRINGS_H 1
| #define HAVE_STDLIB_H 1
| #define HAVE_TIME_H 1
| #define HAVE_UNISTD_H 1
| #define HAVE_FCNTL_H 1
| #define HAVE_SYS_FILE_H 1
| #define HAVE_SYS_TIME_H 1
| #define TIME_WITH_SYS_TIME 1
| #define HAVE_DIRENT_H 1
| #define STRING_WITH_STRINGS 1
| #define HAVE_FCNTL 1
| #define HAVE_GETPAGESIZE 1
| #define HAVE_SETITIMER 1
| #define HAVE_SYSCONF 1
| #define HAVE_FDOPEN 1
| #define HAVE_GETUID 1
| #define HAVE_GETGID 1
| #define HAVE_STRTOULL 1
| /* end confdefs.h.  */
| #include <stdio.h>
| #if HAVE_SYS_TYPES_H
| # include <sys/types.h>
| #endif
| #if HAVE_SYS_STAT_H
| # include <sys/stat.h>
| #endif
| #if STDC_HEADERS
| # include <stdlib.h>
| # include <stddef.h>
| #else
| # if HAVE_STDLIB_H
| #  include <stdlib.h>
| # endif
| #endif
| #if HAVE_STRING_H
| # if !STDC_HEADERS && HAVE_MEMORY_H
| #  include <memory.h>
| # endif
| # include <string.h>
| #endif
| #if HAVE_STRINGS_H
| # include <strings.h>
| #endif
| #if HAVE_INTTYPES_H
| # include <inttypes.h>
| #else
| # if HAVE_STDINT_H
| #  include <stdint.h>
| # endif
| #endif
| #if HAVE_UNISTD_H
| # include <unistd.h>
| #endif
| int
| main ()
| {
| #ifndef basename
|   char *p = (char *) basename;
| #endif
| 
|   ;
|   return 0;
| }
configure:16428: result: no
configure:16446: checking whether ftello is declared
configure:16470: gcc -c -g -O2  conftest.c >&5
configure:16476: $? = 0
configure:16480: test -z 
			 || test ! -s conftest.err
configure:16483: $? = 0
configure:16486: test -s conftest.o
configure:16489: $? = 0
configure:16500: result: yes
configure:16518: checking whether ftello64 is declared
configure:16542: gcc -c -g -O2  conftest.c >&5
conftest.c: In function 'main':
conftest.c:89: error: 'ftello64' undeclared (first use in this function)
conftest.c:89: error: (Each undeclared identifier is reported only once
conftest.c:89: error: for each function it appears in.)
configure:16548: $? = 1
configure: failed program was:
| /* confdefs.h.  */
| 
| #define PACKAGE_NAME ""
| #define PACKAGE_TARNAME ""
| #define PACKAGE_VERSION ""
| #define PACKAGE_STRING ""
| #define PACKAGE_BUGREPORT ""
| #define PACKAGE "bfd"
| #define VERSION "2.18.50"
| #define _GNU_SOURCE 1
| #define STDC_HEADERS 1
| #define HAVE_SYS_TYPES_H 1
| #define HAVE_SYS_STAT_H 1
| #define HAVE_STDLIB_H 1
| #define HAVE_STRING_H 1
| #define HAVE_MEMORY_H 1
| #define HAVE_STRINGS_H 1
| #define HAVE_INTTYPES_H 1
| #define HAVE_STDINT_H 1
| #define HAVE_UNISTD_H 1
| #define HAVE_DLFCN_H 1
| #define LT_OBJDIR ".libs/"
| #define ENABLE_NLS 1
| #define SIZEOF_LONG_LONG 8
| #define SIZEOF_VOID_P 8
| #define SIZEOF_LONG 8
| #define HAVE_ALLOCA_H 1
| #define HAVE_STDDEF_H 1
| #define HAVE_STRING_H 1
| #define HAVE_STRINGS_H 1
| #define HAVE_STDLIB_H 1
| #define HAVE_TIME_H 1
| #define HAVE_UNISTD_H 1
| #define HAVE_FCNTL_H 1
| #define HAVE_SYS_FILE_H 1
| #define HAVE_SYS_TIME_H 1
| #define TIME_WITH_SYS_TIME 1
| #define HAVE_DIRENT_H 1
| #define STRING_WITH_STRINGS 1
| #define HAVE_FCNTL 1
| #define HAVE_GETPAGESIZE 1
| #define HAVE_SETITIMER 1
| #define HAVE_SYSCONF 1
| #define HAVE_FDOPEN 1
| #define HAVE_GETUID 1
| #define HAVE_GETGID 1
| #define HAVE_STRTOULL 1
| #define HAVE_DECL_BASENAME 0
| #define HAVE_DECL_FTELLO 1
| /* end confdefs.h.  */
| #include <stdio.h>
| #if HAVE_SYS_TYPES_H
| # include <sys/types.h>
| #endif
| #if HAVE_SYS_STAT_H
| # include <sys/stat.h>
| #endif
| #if STDC_HEADERS
| # include <stdlib.h>
| # include <stddef.h>
| #else
| # if HAVE_STDLIB_H
| #  include <stdlib.h>
| # endif
| #endif
| #if HAVE_STRING_H
| # if !STDC_HEADERS && HAVE_MEMORY_H
| #  include <memory.h>
| # endif
| # include <string.h>
| #endif
| #if HAVE_STRINGS_H
| # include <strings.h>
| #endif
| #if HAVE_INTTYPES_H
| # include <inttypes.h>
| #else
| # if HAVE_STDINT_H
| #  include <stdint.h>
| # endif
| #endif
| #if HAVE_UNISTD_H
| # include <unistd.h>
| #endif
| int
| main ()
| {
| #ifndef ftello64
|   char *p = (char *) ftello64;
| #endif
| 
|   ;
|   return 0;
| }
configure:16572: result: no
configure:16590: checking whether fseeko is declared
configure:16614: gcc -c -g -O2  conftest.c >&5
configure:16620: $? = 0
configure:16624: test -z 
			 || test ! -s conftest.err
configure:16627: $? = 0
configure:16630: test -s conftest.o
configure:16633: $? = 0
configure:16644: result: yes
configure:16662: checking whether fseeko64 is declared
configure:16686: gcc -c -g -O2  conftest.c >&5
conftest.c: In function 'main':
conftest.c:91: error: 'fseeko64' undeclared (first use in this function)
conftest.c:91: error: (Each undeclared identifier is reported only once
conftest.c:91: error: for each function it appears in.)
configure:16692: $? = 1
configure: failed program was:
| /* confdefs.h.  */
| 
| #define PACKAGE_NAME ""
| #define PACKAGE_TARNAME ""
| #define PACKAGE_VERSION ""
| #define PACKAGE_STRING ""
| #define PACKAGE_BUGREPORT ""
| #define PACKAGE "bfd"
| #define VERSION "2.18.50"
| #define _GNU_SOURCE 1
| #define STDC_HEADERS 1
| #define HAVE_SYS_TYPES_H 1
| #define HAVE_SYS_STAT_H 1
| #define HAVE_STDLIB_H 1
| #define HAVE_STRING_H 1
| #define HAVE_MEMORY_H 1
| #define HAVE_STRINGS_H 1
| #define HAVE_INTTYPES_H 1
| #define HAVE_STDINT_H 1
| #define HAVE_UNISTD_H 1
| #define HAVE_DLFCN_H 1
| #define LT_OBJDIR ".libs/"
| #define ENABLE_NLS 1
| #define SIZEOF_LONG_LONG 8
| #define SIZEOF_VOID_P 8
| #define SIZEOF_LONG 8
| #define HAVE_ALLOCA_H 1
| #define HAVE_STDDEF_H 1
| #define HAVE_STRING_H 1
| #define HAVE_STRINGS_H 1
| #define HAVE_STDLIB_H 1
| #define HAVE_TIME_H 1
| #define HAVE_UNISTD_H 1
| #define HAVE_FCNTL_H 1
| #define HAVE_SYS_FILE_H 1
| #define HAVE_SYS_TIME_H 1
| #define TIME_WITH_SYS_TIME 1
| #define HAVE_DIRENT_H 1
| #define STRING_WITH_STRINGS 1
| #define HAVE_FCNTL 1
| #define HAVE_GETPAGESIZE 1
| #define HAVE_SETITIMER 1
| #define HAVE_SYSCONF 1
| #define HAVE_FDOPEN 1
| #define HAVE_GETUID 1
| #define HAVE_GETGID 1
| #define HAVE_STRTOULL 1
| #define HAVE_DECL_BASENAME 0
| #define HAVE_DECL_FTELLO 1
| #define HAVE_DECL_FTELLO64 0
| #define HAVE_DECL_FSEEKO 1
| /* end confdefs.h.  */
| #include <stdio.h>
| #if HAVE_SYS_TYPES_H
| # include <sys/types.h>
| #endif
| #if HAVE_SYS_STAT_H
| # include <sys/stat.h>
| #endif
| #if STDC_HEADERS
| # include <stdlib.h>
| # include <stddef.h>
| #else
| # if HAVE_STDLIB_H
| #  include <stdlib.h>
| # endif
| #endif
| #if HAVE_STRING_H
| # if !STDC_HEADERS && HAVE_MEMORY_H
| #  include <memory.h>
| # endif
| # include <string.h>
| #endif
| #if HAVE_STRINGS_H
| # include <strings.h>
| #endif
| #if HAVE_INTTYPES_H
| # include <inttypes.h>
| #else
| # if HAVE_STDINT_H
| #  include <stdint.h>
| # endif
| #endif
| #if HAVE_UNISTD_H
| # include <unistd.h>
| #endif
| int
| main ()
| {
| #ifndef fseeko64
|   char *p = (char *) fseeko64;
| #endif
| 
|   ;
|   return 0;
| }
configure:16716: result: no
configure:16745: checking whether ffs is declared
configure:16769: gcc -c -g -O2  conftest.c >&5
configure:16775: $? = 0
configure:16779: test -z 
			 || test ! -s conftest.err
configure:16782: $? = 0
configure:16785: test -s conftest.o
configure:16788: $? = 0
configure:16799: result: yes
configure:16817: checking whether free is declared
configure:16841: gcc -c -g -O2  conftest.c >&5
configure:16847: $? = 0
configure:16851: test -z 
			 || test ! -s conftest.err
configure:16854: $? = 0
configure:16857: test -s conftest.o
configure:16860: $? = 0
configure:16871: result: yes
configure:16889: checking whether getenv is declared
configure:16913: gcc -c -g -O2  conftest.c >&5
configure:16919: $? = 0
configure:16923: test -z 
			 || test ! -s conftest.err
configure:16926: $? = 0
configure:16929: test -s conftest.o
configure:16932: $? = 0
configure:16943: result: yes
configure:16961: checking whether malloc is declared
configure:16985: gcc -c -g -O2  conftest.c >&5
configure:16991: $? = 0
configure:16995: test -z 
			 || test ! -s conftest.err
configure:16998: $? = 0
configure:17001: test -s conftest.o
configure:17004: $? = 0
configure:17015: result: yes
configure:17033: checking whether realloc is declared
configure:17057: gcc -c -g -O2  conftest.c >&5
configure:17063: $? = 0
configure:17067: test -z 
			 || test ! -s conftest.err
configure:17070: $? = 0
configure:17073: test -s conftest.o
configure:17076: $? = 0
configure:17087: result: yes
configure:17105: checking whether stpcpy is declared
configure:17129: gcc -c -g -O2  conftest.c >&5
configure:17135: $? = 0
configure:17139: test -z 
			 || test ! -s conftest.err
configure:17142: $? = 0
configure:17145: test -s conftest.o
configure:17148: $? = 0
configure:17159: result: yes
configure:17177: checking whether strstr is declared
configure:17201: gcc -c -g -O2  conftest.c >&5
configure:17207: $? = 0
configure:17211: test -z 
			 || test ! -s conftest.err
configure:17214: $? = 0
configure:17217: test -s conftest.o
configure:17220: $? = 0
configure:17231: result: yes
configure:17249: checking whether snprintf is declared
configure:17273: gcc -c -g -O2  conftest.c >&5
configure:17279: $? = 0
configure:17283: test -z 
			 || test ! -s conftest.err
configure:17286: $? = 0
configure:17289: test -s conftest.o
configure:17292: $? = 0
configure:17303: result: yes
configure:17321: checking whether vsnprintf is declared
configure:17345: gcc -c -g -O2  conftest.c >&5
configure:17351: $? = 0
configure:17355: test -z 
			 || test ! -s conftest.err
configure:17358: $? = 0
configure:17361: test -s conftest.o
configure:17364: $? = 0
configure:17375: result: yes
configure:19365: checking for gcc version with buggy 64-bit support
configure:19382: result: no
configure:19420: checking for ftello
configure:19477: gcc -o conftest -g -O2   conftest.c  >&5
configure:19483: $? = 0
configure:19487: test -z 
			 || test ! -s conftest.err
configure:19490: $? = 0
configure:19493: test -s conftest
configure:19496: $? = 0
configure:19508: result: yes
configure:19420: checking for ftello64
configure:19477: gcc -o conftest -g -O2   conftest.c  >&5
Undefined symbols:
  "_ftello64", referenced from:
      _main in ccTQBDQd.o
      _f in ccTQBDQd.o
ld: symbol(s) not found
collect2: ld returned 1 exit status
configure:19483: $? = 1
configure: failed program was:
| /* confdefs.h.  */
| 
| #define PACKAGE_NAME ""
| #define PACKAGE_TARNAME ""
| #define PACKAGE_VERSION ""
| #define PACKAGE_STRING ""
| #define PACKAGE_BUGREPORT ""
| #define PACKAGE "bfd"
| #define VERSION "2.18.50"
| #define _GNU_SOURCE 1
| #define STDC_HEADERS 1
| #define HAVE_SYS_TYPES_H 1
| #define HAVE_SYS_STAT_H 1
| #define HAVE_STDLIB_H 1
| #define HAVE_STRING_H 1
| #define HAVE_MEMORY_H 1
| #define HAVE_STRINGS_H 1
| #define HAVE_INTTYPES_H 1
| #define HAVE_STDINT_H 1
| #define HAVE_UNISTD_H 1
| #define HAVE_DLFCN_H 1
| #define LT_OBJDIR ".libs/"
| #define ENABLE_NLS 1
| #define SIZEOF_LONG_LONG 8
| #define SIZEOF_VOID_P 8
| #define SIZEOF_LONG 8
| #define HAVE_ALLOCA_H 1
| #define HAVE_STDDEF_H 1
| #define HAVE_STRING_H 1
| #define HAVE_STRINGS_H 1
| #define HAVE_STDLIB_H 1
| #define HAVE_TIME_H 1
| #define HAVE_UNISTD_H 1
| #define HAVE_FCNTL_H 1
| #define HAVE_SYS_FILE_H 1
| #define HAVE_SYS_TIME_H 1
| #define TIME_WITH_SYS_TIME 1
| #define HAVE_DIRENT_H 1
| #define STRING_WITH_STRINGS 1
| #define HAVE_FCNTL 1
| #define HAVE_GETPAGESIZE 1
| #define HAVE_SETITIMER 1
| #define HAVE_SYSCONF 1
| #define HAVE_FDOPEN 1
| #define HAVE_GETUID 1
| #define HAVE_GETGID 1
| #define HAVE_STRTOULL 1
| #define HAVE_DECL_BASENAME 0
| #define HAVE_DECL_FTELLO 1
| #define HAVE_DECL_FTELLO64 0
| #define HAVE_DECL_FSEEKO 1
| #define HAVE_DECL_FSEEKO64 0
| #define HAVE_DECL_FFS 1
| #define HAVE_DECL_FREE 1
| #define HAVE_DECL_GETENV 1
| #define HAVE_DECL_MALLOC 1
| #define HAVE_DECL_REALLOC 1
| #define HAVE_DECL_STPCPY 1
| #define HAVE_DECL_STRSTR 1
| #define HAVE_DECL_SNPRINTF 1
| #define HAVE_DECL_VSNPRINTF 1
| #define HAVE_FTELLO 1
| /* end confdefs.h.  */
| /* Define ftello64 to an innocuous variant, in case <limits.h> declares ftello64.
|    For example, HP-UX 11i <limits.h> declares gettimeofday.  */
| #define ftello64 innocuous_ftello64
| 
| /* System header to define __stub macros and hopefully few prototypes,
|     which can conflict with char ftello64 (); below.
|     Prefer <limits.h> to <assert.h> if __STDC__ is defined, since
|     <limits.h> exists even on freestanding compilers.  */
| 
| #ifdef __STDC__
| # include <limits.h>
| #else
| # include <assert.h>
| #endif
| 
| #undef ftello64
| 
| /* Override any gcc2 internal prototype to avoid an error.  */
| #ifdef __cplusplus
| extern "C"
| {
| #endif
| /* We use char because int might match the return type of a gcc2
|    builtin and then its argument prototype would still apply.  */
| char ftello64 ();
| /* The GNU C library defines this for functions which it implements
|     to always fail with ENOSYS.  Some functions are actually named
|     something starting with __ and the normal name is an alias.  */
| #if defined (__stub_ftello64) || defined (__stub___ftello64)
| choke me
| #else
| char (*f) () = ftello64;
| #endif
| #ifdef __cplusplus
| }
| #endif
| 
| int
| main ()
| {
| return f != ftello64;
|   ;
|   return 0;
| }
configure:19508: result: no
configure:19420: checking for fseeko
configure:19477: gcc -o conftest -g -O2   conftest.c  >&5
configure:19483: $? = 0
configure:19487: test -z 
			 || test ! -s conftest.err
configure:19490: $? = 0
configure:19493: test -s conftest
configure:19496: $? = 0
configure:19508: result: yes
configure:19420: checking for fseeko64
configure:19477: gcc -o conftest -g -O2   conftest.c  >&5
Undefined symbols:
  "_fseeko64", referenced from:
      _main in ccyXXRWf.o
      _f in ccyXXRWf.o
ld: symbol(s) not found
collect2: ld returned 1 exit status
configure:19483: $? = 1
configure: failed program was:
| /* confdefs.h.  */
| 
| #define PACKAGE_NAME ""
| #define PACKAGE_TARNAME ""
| #define PACKAGE_VERSION ""
| #define PACKAGE_STRING ""
| #define PACKAGE_BUGREPORT ""
| #define PACKAGE "bfd"
| #define VERSION "2.18.50"
| #define _GNU_SOURCE 1
| #define STDC_HEADERS 1
| #define HAVE_SYS_TYPES_H 1
| #define HAVE_SYS_STAT_H 1
| #define HAVE_STDLIB_H 1
| #define HAVE_STRING_H 1
| #define HAVE_MEMORY_H 1
| #define HAVE_STRINGS_H 1
| #define HAVE_INTTYPES_H 1
| #define HAVE_STDINT_H 1
| #define HAVE_UNISTD_H 1
| #define HAVE_DLFCN_H 1
| #define LT_OBJDIR ".libs/"
| #define ENABLE_NLS 1
| #define SIZEOF_LONG_LONG 8
| #define SIZEOF_VOID_P 8
| #define SIZEOF_LONG 8
| #define HAVE_ALLOCA_H 1
| #define HAVE_STDDEF_H 1
| #define HAVE_STRING_H 1
| #define HAVE_STRINGS_H 1
| #define HAVE_STDLIB_H 1
| #define HAVE_TIME_H 1
| #define HAVE_UNISTD_H 1
| #define HAVE_FCNTL_H 1
| #define HAVE_SYS_FILE_H 1
| #define HAVE_SYS_TIME_H 1
| #define TIME_WITH_SYS_TIME 1
| #define HAVE_DIRENT_H 1
| #define STRING_WITH_STRINGS 1
| #define HAVE_FCNTL 1
| #define HAVE_GETPAGESIZE 1
| #define HAVE_SETITIMER 1
| #define HAVE_SYSCONF 1
| #define HAVE_FDOPEN 1
| #define HAVE_GETUID 1
| #define HAVE_GETGID 1
| #define HAVE_STRTOULL 1
| #define HAVE_DECL_BASENAME 0
| #define HAVE_DECL_FTELLO 1
| #define HAVE_DECL_FTELLO64 0
| #define HAVE_DECL_FSEEKO 1
| #define HAVE_DECL_FSEEKO64 0
| #define HAVE_DECL_FFS 1
| #define HAVE_DECL_FREE 1
| #define HAVE_DECL_GETENV 1
| #define HAVE_DECL_MALLOC 1
| #define HAVE_DECL_REALLOC 1
| #define HAVE_DECL_STPCPY 1
| #define HAVE_DECL_STRSTR 1
| #define HAVE_DECL_SNPRINTF 1
| #define HAVE_DECL_VSNPRINTF 1
| #define HAVE_FTELLO 1
| #define HAVE_FSEEKO 1
| /* end confdefs.h.  */
| /* Define fseeko64 to an innocuous variant, in case <limits.h> declares fseeko64.
|    For example, HP-UX 11i <limits.h> declares gettimeofday.  */
| #define fseeko64 innocuous_fseeko64
| 
| /* System header to define __stub macros and hopefully few prototypes,
|     which can conflict with char fseeko64 (); below.
|     Prefer <limits.h> to <assert.h> if __STDC__ is defined, since
|     <limits.h> exists even on freestanding compilers.  */
| 
| #ifdef __STDC__
| # include <limits.h>
| #else
| # include <assert.h>
| #endif
| 
| #undef fseeko64
| 
| /* Override any gcc2 internal prototype to avoid an error.  */
| #ifdef __cplusplus
| extern "C"
| {
| #endif
| /* We use char because int might match the return type of a gcc2
|    builtin and then its argument prototype would still apply.  */
| char fseeko64 ();
| /* The GNU C library defines this for functions which it implements
|     to always fail with ENOSYS.  Some functions are actually named
|     something starting with __ and the normal name is an alias.  */
| #if defined (__stub_fseeko64) || defined (__stub___fseeko64)
| choke me
| #else
| char (*f) () = fseeko64;
| #endif
| #ifdef __cplusplus
| }
| #endif
| 
| int
| main ()
| {
| return f != fseeko64;
|   ;
|   return 0;
| }
configure:19508: result: no
configure:19420: checking for fopen64
configure:19477: gcc -o conftest -g -O2   conftest.c  >&5
Undefined symbols:
  "_fopen64", referenced from:
      _main in ccpjre98.o
      _f in ccpjre98.o
ld: symbol(s) not found
collect2: ld returned 1 exit status
configure:19483: $? = 1
configure: failed program was:
| /* confdefs.h.  */
| 
| #define PACKAGE_NAME ""
| #define PACKAGE_TARNAME ""
| #define PACKAGE_VERSION ""
| #define PACKAGE_STRING ""
| #define PACKAGE_BUGREPORT ""
| #define PACKAGE "bfd"
| #define VERSION "2.18.50"
| #define _GNU_SOURCE 1
| #define STDC_HEADERS 1
| #define HAVE_SYS_TYPES_H 1
| #define HAVE_SYS_STAT_H 1
| #define HAVE_STDLIB_H 1
| #define HAVE_STRING_H 1
| #define HAVE_MEMORY_H 1
| #define HAVE_STRINGS_H 1
| #define HAVE_INTTYPES_H 1
| #define HAVE_STDINT_H 1
| #define HAVE_UNISTD_H 1
| #define HAVE_DLFCN_H 1
| #define LT_OBJDIR ".libs/"
| #define ENABLE_NLS 1
| #define SIZEOF_LONG_LONG 8
| #define SIZEOF_VOID_P 8
| #define SIZEOF_LONG 8
| #define HAVE_ALLOCA_H 1
| #define HAVE_STDDEF_H 1
| #define HAVE_STRING_H 1
| #define HAVE_STRINGS_H 1
| #define HAVE_STDLIB_H 1
| #define HAVE_TIME_H 1
| #define HAVE_UNISTD_H 1
| #define HAVE_FCNTL_H 1
| #define HAVE_SYS_FILE_H 1
| #define HAVE_SYS_TIME_H 1
| #define TIME_WITH_SYS_TIME 1
| #define HAVE_DIRENT_H 1
| #define STRING_WITH_STRINGS 1
| #define HAVE_FCNTL 1
| #define HAVE_GETPAGESIZE 1
| #define HAVE_SETITIMER 1
| #define HAVE_SYSCONF 1
| #define HAVE_FDOPEN 1
| #define HAVE_GETUID 1
| #define HAVE_GETGID 1
| #define HAVE_STRTOULL 1
| #define HAVE_DECL_BASENAME 0
| #define HAVE_DECL_FTELLO 1
| #define HAVE_DECL_FTELLO64 0
| #define HAVE_DECL_FSEEKO 1
| #define HAVE_DECL_FSEEKO64 0
| #define HAVE_DECL_FFS 1
| #define HAVE_DECL_FREE 1
| #define HAVE_DECL_GETENV 1
| #define HAVE_DECL_MALLOC 1
| #define HAVE_DECL_REALLOC 1
| #define HAVE_DECL_STPCPY 1
| #define HAVE_DECL_STRSTR 1
| #define HAVE_DECL_SNPRINTF 1
| #define HAVE_DECL_VSNPRINTF 1
| #define HAVE_FTELLO 1
| #define HAVE_FSEEKO 1
| /* end confdefs.h.  */
| /* Define fopen64 to an innocuous variant, in case <limits.h> declares fopen64.
|    For example, HP-UX 11i <limits.h> declares gettimeofday.  */
| #define fopen64 innocuous_fopen64
| 
| /* System header to define __stub macros and hopefully few prototypes,
|     which can conflict with char fopen64 (); below.
|     Prefer <limits.h> to <assert.h> if __STDC__ is defined, since
|     <limits.h> exists even on freestanding compilers.  */
| 
| #ifdef __STDC__
| # include <limits.h>
| #else
| # include <assert.h>
| #endif
| 
| #undef fopen64
| 
| /* Override any gcc2 internal prototype to avoid an error.  */
| #ifdef __cplusplus
| extern "C"
| {
| #endif
| /* We use char because int might match the return type of a gcc2
|    builtin and then its argument prototype would still apply.  */
| char fopen64 ();
| /* The GNU C library defines this for functions which it implements
|     to always fail with ENOSYS.  Some functions are actually named
|     something starting with __ and the normal name is an alias.  */
| #if defined (__stub_fopen64) || defined (__stub___fopen64)
| choke me
| #else
| char (*f) () = fopen64;
| #endif
| #ifdef __cplusplus
| }
| #endif
| 
| int
| main ()
| {
| return f != fopen64;
|   ;
|   return 0;
| }
configure:19508: result: no
configure:19519: checking for off_t
configure:19543: gcc -c -g -O2  conftest.c >&5
configure:19549: $? = 0
configure:19553: test -z 
			 || test ! -s conftest.err
configure:19556: $? = 0
configure:19559: test -s conftest.o
configure:19562: $? = 0
configure:19573: result: yes
configure:19576: checking size of off_t
configure:19895: gcc -o conftest -g -O2   conftest.c  >&5
configure:19898: $? = 0
configure:19900: ./conftest
configure:19903: $? = 0
configure:19926: result: 8
configure:19934: checking file_ptr type
configure:19943: result: BFD_HOST_64_BIT
configure:19963: checking for stdlib.h
configure:19968: result: yes
configure:19963: checking for unistd.h
configure:19968: result: yes
configure:20112: checking for getpagesize
configure:20200: result: yes
configure:20210: checking for working mmap
configure:20352: gcc -o conftest -g -O2   conftest.c  >&5
configure:20355: $? = 0
configure:20357: ./conftest
configure:20360: $? = 0
configure:20374: result: yes
configure:20390: checking for madvise
configure:20447: gcc -o conftest -g -O2   conftest.c  >&5
configure:20453: $? = 0
configure:20457: test -z 
			 || test ! -s conftest.err
configure:20460: $? = 0
configure:20463: test -s conftest
configure:20466: $? = 0
configure:20478: result: yes
configure:20390: checking for mprotect
configure:20447: gcc -o conftest -g -O2   conftest.c  >&5
configure:20453: $? = 0
configure:20457: test -z 
			 || test ! -s conftest.err
configure:20460: $? = 0
configure:20463: test -s conftest
configure:20466: $? = 0
configure:20478: result: yes
configure:20637: creating ./config.status

## ---------------------- ##
## Running config.status. ##
## ---------------------- ##

This file was extended by config.status, which was
generated by GNU Autoconf 2.59.  Invocation command line was

  CONFIG_FILES    = 
  CONFIG_HEADERS  = 
  CONFIG_LINKS    = 
  CONFIG_COMMANDS = 
  $ ./config.status 

on KMac.local

config.status:980: creating Makefile
config.status:980: creating doc/Makefile
config.status:980: creating bfd-in3.h
config.status:980: creating po/Makefile.in
config.status:1077: creating config.h
config.status:1483: executing depfiles commands
config.status:1483: executing libtool commands
config.status:1483: executing default-1 commands
config.status:1483: executing bfd_stdint.h commands
config.status:1483: executing default commands

## ---------------- ##
## Cache variables. ##
## ---------------- ##

ac_cv_build=i386-apple-darwin10.8.0
ac_cv_build_alias=i386-apple-darwin10.8.0
ac_cv_c_compiler_gnu=yes
ac_cv_env_CC_set=set
ac_cv_env_CC_value=gcc
ac_cv_env_CFLAGS_set=set
ac_cv_env_CFLAGS_value='-g -O2'
ac_cv_env_CPPFLAGS_set=
ac_cv_env_CPPFLAGS_value=
ac_cv_env_CPP_set=
ac_cv_env_CPP_value=
ac_cv_env_LDFLAGS_set=set
ac_cv_env_LDFLAGS_value=
ac_cv_env_build_alias_set=set
ac_cv_env_build_alias_value=i386-apple-darwin10.8.0
ac_cv_env_host_alias_set=set
ac_cv_env_host_alias_value=i386-apple-darwin10.8.0
ac_cv_env_target_alias_set=set
ac_cv_env_target_alias_value=i386-jos-elf
ac_cv_exeext=
ac_cv_func_fcntl=yes
ac_cv_func_fdopen=yes
ac_cv_func_fopen64=no
ac_cv_func_fseeko=yes
ac_cv_func_fseeko64=no
ac_cv_func_ftello=yes
ac_cv_func_ftello64=no
ac_cv_func_getgid=yes
ac_cv_func_getpagesize=yes
ac_cv_func_getuid=yes
ac_cv_func_madvise=yes
ac_cv_func_mmap_fixed_mapped=yes
ac_cv_func_mprotect=yes
ac_cv_func_setitimer=yes
ac_cv_func_strtoull=yes
ac_cv_func_sysconf=yes
ac_cv_have_decl_basename=no
ac_cv_have_decl_ffs=yes
ac_cv_have_decl_free=yes
ac_cv_have_decl_fseeko=yes
ac_cv_have_decl_fseeko64=no
ac_cv_have_decl_ftello=yes
ac_cv_have_decl_ftello64=no
ac_cv_have_decl_getenv=yes
ac_cv_have_decl_malloc=yes
ac_cv_have_decl_realloc=yes
ac_cv_have_decl_snprintf=yes
ac_cv_have_decl_stpcpy=yes
ac_cv_have_decl_strstr=yes
ac_cv_have_decl_vsnprintf=yes
ac_cv_header_alloca_h=yes
ac_cv_header_dirent_dirent_h=yes
ac_cv_header_dlfcn_h=yes
ac_cv_header_fcntl_h=yes
ac_cv_header_inttypes_h=yes
ac_cv_header_memory_h=yes
ac_cv_header_stdc=yes
ac_cv_header_stddef_h=yes
ac_cv_header_stdint_h=yes
ac_cv_header_stdlib_h=yes
ac_cv_header_string_h=yes
ac_cv_header_strings_h=yes
ac_cv_header_sys_file_h=yes
ac_cv_header_sys_stat_h=yes
ac_cv_header_sys_time_h=yes
ac_cv_header_sys_types_h=yes
ac_cv_header_time=yes
ac_cv_header_time_h=yes
ac_cv_header_unistd_h=yes
ac_cv_host=i386-apple-darwin10.8.0
ac_cv_host_alias=i386-apple-darwin10.8.0
ac_cv_objext=o
ac_cv_path_GMSGFMT=/opt/local/bin/msgfmt
ac_cv_path_MSGFMT=/opt/local/bin/msgfmt
ac_cv_path_MSGMERGE=/opt/local/bin/msgmerge
ac_cv_path_XGETTEXT=/opt/local/bin/xgettext
ac_cv_prog_AR=ar
ac_cv_prog_AWK=awk
ac_cv_prog_CC=gcc
ac_cv_prog_CPP='gcc -E'
ac_cv_prog_RANLIB=ranlib
ac_cv_prog_ac_ct_STRIP=strip
ac_cv_prog_cc_g=yes
ac_cv_prog_cc_stdc=
ac_cv_prog_egrep='grep -E'
ac_cv_prog_fgrep='grep -F'
ac_cv_prog_make_make_set=yes
ac_cv_search_opendir='none required'
ac_cv_search_strerror='none required'
ac_cv_sizeof_long=8
ac_cv_sizeof_long_long=8
ac_cv_sizeof_off_t=8
ac_cv_sizeof_void_p=8
ac_cv_target=i386-jos-elf
ac_cv_target_alias=i386-jos-elf
ac_cv_type_int_fast32_t=yes
ac_cv_type_int_least32_t=yes
ac_cv_type_long=yes
ac_cv_type_long_long=yes
ac_cv_type_off_t=yes
ac_cv_type_u_int64_t=no
ac_cv_type_uint64_t=yes
ac_cv_type_uintmax_t=yes
ac_cv_type_uintptr_t=yes
ac_cv_type_void_p=yes
acx_cv_header_stdint=stdint.h
acx_cv_header_stdint_kind='(already complete)'
am_cv_CC_dependencies_compiler_type=none
gcc_cv_header_string=yes
lt_cv_apple_cc_single_mod=yes
lt_cv_deplibs_check_method=pass_all
lt_cv_file_magic_cmd='$MAGIC_CMD'
lt_cv_file_magic_test_file=
lt_cv_ld_reload_flag=-r
lt_cv_nm_interface='BSD nm'
lt_cv_objdir=.libs
lt_cv_path_LD=/usr/libexec/gcc/i686-apple-darwin10/4.2.1/ld
lt_cv_path_NM=nm
lt_cv_path_SED=/usr/bin/sed
lt_cv_prog_compiler_c_o=yes
lt_cv_prog_compiler_rtti_exceptions=no
lt_cv_prog_gnu_ld=no
lt_cv_sys_global_symbol_pipe='sed -n -e '\''s/^.*[	 ]\([BCDEGRST][BCDEGRST]*\)[	 ][	 ]*_\([_A-Za-z][_A-Za-z0-9]*\)$/\1 _\2 \2/p'\'''
lt_cv_sys_global_symbol_to_c_name_address='sed -n -e '\''s/^: \([^ ]*\) $/  {\"\1\", (void *) 0},/p'\'' -e '\''s/^[BCDEGRST]* \([^ ]*\) \([^ ]*\)$/  {"\2", (void *) \&\2},/p'\'''
lt_cv_sys_global_symbol_to_cdecl='sed -n -e '\''s/^T .* \(.*\)$/extern int \1();/p'\'' -e '\''s/^[BCDEGRST]* .* \(.*\)$/extern char \1;/p'\'''
lt_cv_sys_max_cmd_len=196608

## ----------------- ##
## Output variables. ##
## ----------------- ##

ACLOCAL='${SHELL} /Users/kelwin/Projects/6.828/tools/gdb-6.8/missing --run aclocal-1.9'
AMDEPBACKSLASH='\'
AMDEP_FALSE='#'
AMDEP_TRUE=''
AMTAR='${SHELL} /Users/kelwin/Projects/6.828/tools/gdb-6.8/missing --run tar'
AR='ar'
AUTOCONF='${SHELL} /Users/kelwin/Projects/6.828/tools/gdb-6.8/missing --run autoconf'
AUTOHEADER='${SHELL} /Users/kelwin/Projects/6.828/tools/gdb-6.8/missing --run autoheader'
AUTOMAKE='${SHELL} /Users/kelwin/Projects/6.828/tools/gdb-6.8/missing --run automake-1.9'
AWK='awk'
BFD_HOSTPTR_T='unsigned long'
BFD_HOST_64BIT_LONG='1'
BFD_HOST_64BIT_LONG_LONG='0'
BFD_HOST_64_BIT='long'
BFD_HOST_64_BIT_DEFINED='1'
BFD_HOST_U_64_BIT='unsigned long'
CATALOGS=' da.gmo es.gmo fi.gmo fr.gmo ja.gmo ro.gmo rw.gmo sv.gmo tr.gmo vi.gmo zh_CN.gmo da.gmo es.gmo fi.gmo fr.gmo ja.gmo ro.gmo rw.gmo sv.gmo tr.gmo vi.gmo zh_CN.gmo'
CATOBJEXT='.gmo'
CC='gcc'
CCDEPMODE='depmode=none'
CC_FOR_BUILD='gcc'
CFLAGS='-g -O2'
COREFILE=''
COREFLAG=''
CPP='gcc -E'
CPPFLAGS=''
CYGPATH_W='echo'
DATADIRNAME='share'
DEBUGDIR='${exec_prefix}/lib/debug'
DEFS='-DHAVE_CONFIG_H'
DEPDIR='.deps'
DUMPBIN=''
ECHO_C='ECHO_N=''
ECHO_T=''
EGREP='grep -E'
EXEEXT=''
EXEEXT_FOR_BUILD='$(EXEEXT)'
FGREP='grep -F'
GENCAT='gencat'
GENINSRC_NEVER_FALSE=''
GENINSRC_NEVER_TRUE='#'
GMSGFMT='/opt/local/bin/msgfmt'
GREP='grep'
HDEFINES=''
INCINTL='-I${top_builddir}/../intl'
INSTALL_DATA='/usr/bin/install -c -m 644'
INSTALL_LIBBFD_FALSE=''
INSTALL_LIBBFD_TRUE='#'
INSTALL_PROGRAM='/usr/bin/install -c'
INSTALL_SCRIPT='/usr/bin/install -c'
INSTALL_STRIP_PROGRAM='${SHELL} $(install_sh) -c -s'
INSTOBJEXT='.mo'
LD='/usr/libexec/gcc/i686-apple-darwin10/4.2.1/ld'
LDFLAGS=''
LIBINTL='${top_builddir}/../intl/libintl.a -L/usr/local/lib -liconv'
LIBINTL_DEP='${top_builddir}/../intl/libintl.a'
LIBOBJS=''
LIBS=''
LIBTOOL='$(SHELL) $(top_builddir)/libtool'
LN_S='ln -s'
LTLIBOBJS=''
MAINT='#'
MAINTAINER_MODE_FALSE=''
MAINTAINER_MODE_TRUE='#'
MAKEINFO='makeinfo --split-size=5000000'
MKINSTALLDIRS='$(top_builddir)/.././bfd/../mkinstalldirs'
MSGFMT='/opt/local/bin/msgfmt'
MSGMERGE='/opt/local/bin/msgmerge'
NM='nm'
NO_WERROR=''
OBJEXT='o'
PACKAGE='bfd'
PACKAGE_BUGREPORT=''
PACKAGE_NAME=''
PACKAGE_STRING=''
PACKAGE_TARNAME=''
PACKAGE_VERSION=''
PATH_SEPARATOR=':'
PKGVERSION='(GNU Binutils) '
POSUB='po'
RANLIB='ranlib'
REPORT_BUGS_TEXI='@uref{http://www.sourceware.org/bugzilla/}'
REPORT_BUGS_TO='<http://www.sourceware.org/bugzilla/>'
SED='/usr/bin/sed'
SET_MAKE=''
SHELL='/bin/sh'
STRIP='strip'
TDEFINES=' '
USE_NLS='yes'
VERSION='2.18.50'
WARN_CFLAGS='-W -Wall -Wstrict-prototypes -Wmissing-prototypes'
WIN32LDFLAGS=''
WIN32LIBADD=''
XGETTEXT='/opt/local/bin/xgettext'
ac_ct_AR=''
ac_ct_CC=''
ac_ct_DUMPBIN=''
ac_ct_RANLIB=''
ac_ct_STRIP='strip'
all_backends='$(BFD64_BACKENDS) $(BFD32_BACKENDS)'
am__fastdepCC_FALSE=''
am__fastdepCC_TRUE='#'
am__include='include'
am__leading_dot='.'
am__quote=''
am__tar='${AMTAR} chof - "$$tardir"'
am__untar='${AMTAR} xf -'
bfd64_libs='$(BFD64_LIBS)'
bfd_backends=' elf32-i386.lo elf-vxworks.lo elf32.lo elf.lo elflink.lo elf-attrs.lo elf-strtab.lo elf-eh-frame.lo dwarf1.lo coff-i386.lo cofflink.lo elf32-gen.lo'
bfd_default_target_size='32'
bfd_file_ptr='BFD_HOST_64_BIT'
bfd_machines=' cpu-i386.lo'
bfd_ufile_ptr='BFD_HOST_U_64_BIT'
bfdincludedir='$(exec_prefix)/$(host_noncanonical)/$(target_noncanonical)/include'
bfdlibdir='$(exec_prefix)/$(host_noncanonical)/$(target_noncanonical)/lib'
bindir='${exec_prefix}/bin'
build='i386-apple-darwin10.8.0'
build_alias='i386-apple-darwin10.8.0'
build_cpu='i386'
build_os='darwin10.8.0'
build_vendor='apple'
datadir='${prefix}/share'
datarootdir='/usr/local/share'
docdir='/usr/local/share/doc'
exec_prefix='${prefix}'
host='i386-apple-darwin10.8.0'
host_alias='i386-apple-darwin10.8.0'
host_cpu='i386'
host_noncanonical='i386-apple-darwin10.8.0'
host_os='darwin10.8.0'
host_vendor='apple'
htmldir='/usr/local/share/doc'
includedir='${prefix}/include'
infodir='${prefix}/info'
install_sh='/Users/kelwin/Projects/6.828/tools/gdb-6.8/install-sh'
libdir='${exec_prefix}/lib'
libexecdir='${exec_prefix}/libexec'
localstatedir='${prefix}/var'
lt_ECHO='/bin/echo'
mandir='${prefix}/man'
mkdir_p='$(mkinstalldirs)'
oldincludedir='/usr/include'
prefix='/usr/local'
program_transform_name='s,^,i386-jos-elf-,'
sbindir='${exec_prefix}/sbin'
sharedstatedir='${prefix}/com'
sysconfdir='${prefix}/etc'
target='i386-jos-elf'
target_alias='i386-jos-elf'
target_cpu='i386'
target_noncanonical='i386-jos-elf'
target_os='elf'
target_vendor='jos'
tdefaults=' -DDEFAULT_VECTOR=bfd_elf32_i386_vec -DSELECT_VECS='&bfd_elf32_i386_vec,&i386coff_vec,&bfd_elf32_little_generic_vec,&bfd_elf32_big_generic_vec' -DSELECT_ARCHITECTURES='&bfd_i386_arch' -DHAVE_bfd_elf32_i386_vec -DHAVE_i386coff_vec -DHAVE_bfd_elf32_little_generic_vec -DHAVE_bfd_elf32_big_generic_vec'
wordsize='64'

## ----------- ##
## confdefs.h. ##
## ----------- ##

#define ENABLE_NLS 1
#define HAVE_ALLOCA_H 1
#define HAVE_DECL_BASENAME 0
#define HAVE_DECL_FFS 1
#define HAVE_DECL_FREE 1
#define HAVE_DECL_FSEEKO 1
#define HAVE_DECL_FSEEKO64 0
#define HAVE_DECL_FTELLO 1
#define HAVE_DECL_FTELLO64 0
#define HAVE_DECL_GETENV 1
#define HAVE_DECL_MALLOC 1
#define HAVE_DECL_REALLOC 1
#define HAVE_DECL_SNPRINTF 1
#define HAVE_DECL_STPCPY 1
#define HAVE_DECL_STRSTR 1
#define HAVE_DECL_VSNPRINTF 1
#define HAVE_DIRENT_H 1
#define HAVE_DLFCN_H 1
#define HAVE_FCNTL 1
#define HAVE_FCNTL_H 1
#define HAVE_FDOPEN 1
#define HAVE_FSEEKO 1
#define HAVE_FTELLO 1
#define HAVE_GETGID 1
#define HAVE_GETPAGESIZE 1
#define HAVE_GETPAGESIZE 1
#define HAVE_GETUID 1
#define HAVE_INTTYPES_H 1
#define HAVE_MADVISE 1
#define HAVE_MEMORY_H 1
#define HAVE_MMAP 1
#define HAVE_MPROTECT 1
#define HAVE_SETITIMER 1
#define HAVE_STDDEF_H 1
#define HAVE_STDINT_H 1
#define HAVE_STDLIB_H 1
#define HAVE_STDLIB_H 1
#define HAVE_STDLIB_H 1
#define HAVE_STRINGS_H 1
#define HAVE_STRINGS_H 1
#define HAVE_STRING_H 1
#define HAVE_STRING_H 1
#define HAVE_STRTOULL 1
#define HAVE_SYSCONF 1
#define HAVE_SYS_FILE_H 1
#define HAVE_SYS_STAT_H 1
#define HAVE_SYS_TIME_H 1
#define HAVE_SYS_TYPES_H 1
#define HAVE_TIME_H 1
#define HAVE_UNISTD_H 1
#define HAVE_UNISTD_H 1
#define HAVE_UNISTD_H 1
#define LT_OBJDIR ".libs/"
#define PACKAGE "bfd"
#define PACKAGE_BUGREPORT ""
#define PACKAGE_NAME ""
#define PACKAGE_STRING ""
#define PACKAGE_TARNAME ""
#define PACKAGE_VERSION ""
#define SIZEOF_LONG 8
#define SIZEOF_LONG_LONG 8
#define SIZEOF_OFF_T 8
#define SIZEOF_VOID_P 8
#define STDC_HEADERS 1
#define STRING_WITH_STRINGS 1
#define TIME_WITH_SYS_TIME 1
#define VERSION "2.18.50"
#define _GNU_SOURCE 1

configure: exit 0

## ---------------------- ##
## Running config.status. ##
## ---------------------- ##

This file was extended by config.status, which was
generated by GNU Autoconf 2.59.  Invocation command line was

  CONFIG_FILES    = po/Makefile.in:po/Make-in
  CONFIG_HEADERS  = 
  CONFIG_LINKS    = 
  CONFIG_COMMANDS = 
  $ ./config.status 

on KMac.local

config.status:980: creating po/Makefile.in
config.status:1483: executing depfiles commands
config.status:1483: executing libtool commands
config.status:1483: executing default-1 commands
config.status:1483: executing bfd_stdint.h commands
config.status:1483: executing default commands

## ---------------------- ##
## Running config.status. ##
## ---------------------- ##

This file was extended by config.status, which was
generated by GNU Autoconf 2.59.  Invocation command line was

  CONFIG_FILES    = 
  CONFIG_HEADERS  = 
  CONFIG_LINKS    = 
  CONFIG_COMMANDS = 
  $ ./config.status 

on kmac.lan

config.status:980: creating Makefile
config.status:980: creating doc/Makefile
config.status:980: creating bfd-in3.h
config.status:980: creating po/Makefile.in
config.status:1077: creating config.h
config.status:1303: config.h is unchanged
config.status:1483: executing depfiles commands
config.status:1483: executing libtool commands
config.status:1483: executing default-1 commands
config.status:1483: executing bfd_stdint.h commands
config.status:1483: executing default commands
