This file contains any messages produced by compilers while
running configure, to aid debugging if configure makes a mistake.

It was created by configure, which was
generated by GNU Autoconf 2.59.  Invocation command line was

  $ /Users/kelwin/Projects/6.828/tools/gdb-6.8/opcodes/configure --cache-file=./config.cache --disable-werror --program-transform-name=s,^,i386-jos-elf-, --build=i386-apple-darwin10.8.0 --host=i386-apple-darwin10.8.0 --target=i386-jos-elf --srcdir=.././opcodes

## --------- ##
## Platform. ##
## --------- ##

hostname = KMac.local
uname -m = x86_64
uname -r = 10.8.0
uname -s = Darwin
uname -v = Darwin Kernel Version 10.8.0: Tue Jun  7 16:32:41 PDT 2011; root:xnu-1504.15.3~1/RELEASE_X86_64

/usr/bin/uname -p = i386
/bin/uname -X     = unknown

/bin/arch              = unknown
/usr/bin/arch -k       = unknown
/usr/convex/getsysinfo = unknown
hostinfo               = Mach kernel version:
	 Darwin Kernel Version 10.8.0: Tue Jun  7 16:32:41 PDT 2011; root:xnu-1504.15.3~1/RELEASE_X86_64
Kernel configured for up to 2 processors.
2 processors are physically available.
2 processors are logically available.
Processor type: i486 (Intel 80486)
Processors active: 0 1
Primary memory available: 8.00 gigabytes
Default processor set: 98 tasks, 426 threads, 2 processors
Load average: 1.14, Mach factor: 0.92
/bin/machine           = unknown
/usr/bin/oslevel       = unknown
/bin/universe          = unknown

PATH: /Users/kelwin/bin
PATH: /Users/kelwin/SDK/android-sdk-macosx/platform-tools
PATH: /Users/kelwin/SDK/android-sdk-macosx/tools
PATH: /opt/local/bin
PATH: /opt/local/sbin
PATH: /usr/bin
PATH: /bin
PATH: /usr/sbin
PATH: /sbin
PATH: /usr/local/bin
PATH: /usr/local/git/bin
PATH: /usr/texbin
PATH: /usr/X11/bin
PATH: /usr/local/mysql/bin


## ----------- ##
## Core tests. ##
## ----------- ##

configure:1395: creating cache ./config.cache
configure:1508: checking build system type
configure:1526: result: i386-apple-darwin10.8.0
configure:1534: checking host system type
configure:1548: result: i386-apple-darwin10.8.0
configure:1556: checking target system type
configure:1570: result: i386-jos-elf
configure:1592: checking for i386-apple-darwin10.8.0-gcc
configure:1618: result: gcc
configure:1900: checking for C compiler version
configure:1903: gcc --version </dev/null >&5
i686-apple-darwin10-gcc-4.2.1 (GCC) 4.2.1 (Apple Inc. build 5666) (dot 3)
Copyright (C) 2007 Free Software Foundation, Inc.
This is free software; see the source for copying conditions.  There is NO
warranty; not even for MERCHANTABILITY or FITNESS FOR A PARTICULAR PURPOSE.

configure:1906: $? = 0
configure:1908: gcc -v </dev/null >&5
Using built-in specs.
Target: i686-apple-darwin10
Configured with: /var/tmp/gcc/gcc-5666.3~6/src/configure --disable-checking --enable-werror --prefix=/usr --mandir=/share/man --enable-languages=c,objc,c++,obj-c++ --program-transform-name=/^[cg][^.-]*$/s/$/-4.2/ --with-slibdir=/usr/lib --build=i686-apple-darwin10 --program-prefix=i686-apple-darwin10- --host=x86_64-apple-darwin10 --target=i686-apple-darwin10 --with-gxx-include-dir=/include/c++/4.2.1
Thread model: posix
gcc version 4.2.1 (Apple Inc. build 5666) (dot 3)
configure:1911: $? = 0
configure:1913: gcc -V </dev/null >&5
gcc-4.2: argument to `-V' is missing
configure:1916: $? = 1
configure:1939: checking for C compiler default output file name
configure:1942: gcc -g -O2   conftest.c  >&5
configure:1945: $? = 0
configure:1991: result: a.out
configure:1996: checking whether the C compiler works
configure:2002: ./a.out
configure:2005: $? = 0
configure:2022: result: yes
configure:2029: checking whether we are cross compiling
configure:2031: result: no
configure:2034: checking for suffix of executables
configure:2036: gcc -o conftest -g -O2   conftest.c  >&5
configure:2039: $? = 0
configure:2064: result: 
configure:2070: checking for suffix of object files
configure:2091: gcc -c -g -O2  conftest.c >&5
configure:2094: $? = 0
configure:2116: result: o
configure:2120: checking whether we are using the GNU C compiler
configure:2144: gcc -c -g -O2  conftest.c >&5
configure:2150: $? = 0
configure:2154: test -z 
			 || test ! -s conftest.err
configure:2157: $? = 0
configure:2160: test -s conftest.o
configure:2163: $? = 0
configure:2176: result: yes
configure:2182: checking whether gcc accepts -g
configure:2203: gcc -c -g  conftest.c >&5
configure:2209: $? = 0
configure:2213: test -z 
			 || test ! -s conftest.err
configure:2216: $? = 0
configure:2219: test -s conftest.o
configure:2222: $? = 0
configure:2233: result: yes
configure:2250: checking for gcc option to accept ANSI C
configure:2320: gcc  -c -g -O2  conftest.c >&5
configure:2326: $? = 0
configure:2330: test -z 
			 || test ! -s conftest.err
configure:2333: $? = 0
configure:2336: test -s conftest.o
configure:2339: $? = 0
configure:2357: result: none needed
configure:2375: gcc -c -g -O2  conftest.c >&5
conftest.c:2: error: expected '=', ',', ';', 'asm' or '__attribute__' before 'me'
configure:2381: $? = 1
configure: failed program was:
| #ifndef __cplusplus
|   choke me
| #endif
configure:2515: checking for library containing strerror
configure:2545: gcc -o conftest -g -O2   conftest.c  >&5
configure:2551: $? = 0
configure:2555: test -z 
			 || test ! -s conftest.err
configure:2558: $? = 0
configure:2561: test -s conftest
configure:2564: $? = 0
configure:2634: result: none required
configure:2661: checking for a BSD-compatible install
configure:2716: result: /usr/bin/install -c
configure:2727: checking whether build environment is sane
configure:2770: result: yes
configure:2835: checking for gawk
configure:2864: result: no
configure:2835: checking for mawk
configure:2864: result: no
configure:2835: checking for nawk
configure:2864: result: no
configure:2835: checking for awk
configure:2851: found /usr/bin/awk
configure:2861: result: awk
configure:2871: checking whether make sets $(MAKE)
configure:2891: result: yes
configure:2921: checking for style of include used by make
configure:2949: result: GNU
configure:3125: checking dependency style of gcc
configure:3215: result: none
configure:3242: checking for i386-apple-darwin10.8.0-gcc
configure:3268: result: gcc
configure:3550: checking for C compiler version
configure:3553: gcc --version </dev/null >&5
i686-apple-darwin10-gcc-4.2.1 (GCC) 4.2.1 (Apple Inc. build 5666) (dot 3)
Copyright (C) 2007 Free Software Foundation, Inc.
This is free software; see the source for copying conditions.  There is NO
warranty; not even for MERCHANTABILITY or FITNESS FOR A PARTICULAR PURPOSE.

configure:3556: $? = 0
configure:3558: gcc -v </dev/null >&5
Using built-in specs.
Target: i686-apple-darwin10
Configured with: /var/tmp/gcc/gcc-5666.3~6/src/configure --disable-checking --enable-werror --prefix=/usr --mandir=/share/man --enable-languages=c,objc,c++,obj-c++ --program-transform-name=/^[cg][^.-]*$/s/$/-4.2/ --with-slibdir=/usr/lib --build=i686-apple-darwin10 --program-prefix=i686-apple-darwin10- --host=x86_64-apple-darwin10 --target=i686-apple-darwin10 --with-gxx-include-dir=/include/c++/4.2.1
Thread model: posix
gcc version 4.2.1 (Apple Inc. build 5666) (dot 3)
configure:3561: $? = 0
configure:3563: gcc -V </dev/null >&5
gcc-4.2: argument to `-V' is missing
configure:3566: $? = 1
configure:3569: checking whether we are using the GNU C compiler
configure:3625: result: yes
configure:3631: checking whether gcc accepts -g
configure:3682: result: yes
configure:3699: checking for gcc option to accept ANSI C
configure:3806: result: none needed
configure:3824: gcc -c -g -O2  conftest.c >&5
conftest.c:2: error: expected '=', ',', ';', 'asm' or '__attribute__' before 'me'
configure:3830: $? = 1
configure: failed program was:
| #ifndef __cplusplus
|   choke me
| #endif
configure:3973: checking for i386-apple-darwin10.8.0-ar
configure:3999: result: ar
configure:4052: checking for i386-apple-darwin10.8.0-ranlib
configure:4078: result: ranlib
configure:4268: checking for a sed that does not truncate output
configure:4324: result: /usr/bin/sed
configure:4340: checking for egrep
configure:4350: result: grep -E
configure:4355: checking for fgrep
configure:4365: result: grep -F
configure:4400: checking for ld used by gcc
configure:4467: result: /usr/libexec/gcc/i686-apple-darwin10/4.2.1/ld
configure:4476: checking if the linker (/usr/libexec/gcc/i686-apple-darwin10/4.2.1/ld) is GNU ld
configure:4491: result: no
configure:4504: checking for BSD- or MS-compatible name lister (nm)
configure:4553: result: nm
configure:4658: checking the name lister (nm) interface
configure:4665: gcc -c -g -O2  conftest.c >&5
configure:4668: nm "conftest.o"
configure:4671: output
0000000000000198 D _some_variable
configure:4678: result: BSD nm
configure:4681: checking whether ln -s works
configure:4685: result: yes
configure:4693: checking the maximum length of command line arguments
configure:4813: result: 196608
configure:4831: checking whether the shell understands some XSI constructs
configure:4839: result: yes
configure:4843: checking whether the shell understands "+="
configure:4849: result: yes
configure:4884: checking for /usr/libexec/gcc/i686-apple-darwin10/4.2.1/ld option to reload object files
configure:4891: result: -r
configure:4918: checking how to recognize dependent libraries
configure:5108: result: pass_all
configure:5128: checking for i386-apple-darwin10.8.0-ar
configure:5154: result: ar
configure:5221: checking for i386-apple-darwin10.8.0-strip
configure:5250: result: no
configure:5259: checking for strip
configure:5275: found /usr/bin/strip
configure:5286: result: strip
configure:5308: checking for i386-apple-darwin10.8.0-ranlib
configure:5334: result: ranlib
configure:5453: checking command to parse nm output from gcc object
configure:5570: gcc -c -g -O2  conftest.c >&5
configure:5573: $? = 0
configure:5577: nm conftest.o \| sed -n -e 's/^.*[	 ]\([BCDEGRST][BCDEGRST]*\)[	 ][	 ]*\([_A-Za-z][_A-Za-z0-9]*\)$/\1 \2 \2/p' \> conftest.nm
configure:5580: $? = 0
cannot find nm_test_var in conftest.nm
configure:5570: gcc -c -g -O2  conftest.c >&5
configure:5573: $? = 0
configure:5577: nm conftest.o \| sed -n -e 's/^.*[	 ]\([BCDEGRST][BCDEGRST]*\)[	 ][	 ]*_\([_A-Za-z][_A-Za-z0-9]*\)$/\1 _\2 \2/p' \> conftest.nm
configure:5580: $? = 0
configure:5634: gcc -o conftest -g -O2   conftest.c conftstm.o >&5
configure:5637: $? = 0
configure:5675: result: ok
configure:5917: checking how to run the C preprocessor
configure:5952: gcc -E  conftest.c
configure:5958: $? = 0
configure:5990: gcc -E  conftest.c
conftest.c:12:28: error: ac_nonexistent.h: No such file or directory
configure:5996: $? = 1
configure: failed program was:
| /* confdefs.h.  */
| 
| #define PACKAGE_NAME ""
| #define PACKAGE_TARNAME ""
| #define PACKAGE_VERSION ""
| #define PACKAGE_STRING ""
| #define PACKAGE_BUGREPORT ""
| #define PACKAGE "opcodes"
| #define VERSION "2.18.50"
| #define _GNU_SOURCE 1
| /* end confdefs.h.  */
| #include <ac_nonexistent.h>
configure:6035: result: gcc -E
configure:6059: gcc -E  conftest.c
configure:6065: $? = 0
configure:6097: gcc -E  conftest.c
conftest.c:12:28: error: ac_nonexistent.h: No such file or directory
configure:6103: $? = 1
configure: failed program was:
| /* confdefs.h.  */
| 
| #define PACKAGE_NAME ""
| #define PACKAGE_TARNAME ""
| #define PACKAGE_VERSION ""
| #define PACKAGE_STRING ""
| #define PACKAGE_BUGREPORT ""
| #define PACKAGE "opcodes"
| #define VERSION "2.18.50"
| #define _GNU_SOURCE 1
| /* end confdefs.h.  */
| #include <ac_nonexistent.h>
configure:6147: checking for ANSI C header files
configure:6172: gcc -c -g -O2  conftest.c >&5
configure:6178: $? = 0
configure:6182: test -z 
			 || test ! -s conftest.err
configure:6185: $? = 0
configure:6188: test -s conftest.o
configure:6191: $? = 0
configure:6280: gcc -o conftest -g -O2   conftest.c  >&5
conftest.c: In function 'main':
conftest.c:29: warning: incompatible implicit declaration of built-in function 'exit'
configure:6283: $? = 0
configure:6285: ./conftest
configure:6288: $? = 0
configure:6303: result: yes
configure:6327: checking for sys/types.h
configure:6343: gcc -c -g -O2  conftest.c >&5
configure:6349: $? = 0
configure:6353: test -z 
			 || test ! -s conftest.err
configure:6356: $? = 0
configure:6359: test -s conftest.o
configure:6362: $? = 0
configure:6373: result: yes
configure:6327: checking for sys/stat.h
configure:6343: gcc -c -g -O2  conftest.c >&5
configure:6349: $? = 0
configure:6353: test -z 
			 || test ! -s conftest.err
configure:6356: $? = 0
configure:6359: test -s conftest.o
configure:6362: $? = 0
configure:6373: result: yes
configure:6327: checking for stdlib.h
configure:6343: gcc -c -g -O2  conftest.c >&5
configure:6349: $? = 0
configure:6353: test -z 
			 || test ! -s conftest.err
configure:6356: $? = 0
configure:6359: test -s conftest.o
configure:6362: $? = 0
configure:6373: result: yes
configure:6327: checking for string.h
configure:6343: gcc -c -g -O2  conftest.c >&5
configure:6349: $? = 0
configure:6353: test -z 
			 || test ! -s conftest.err
configure:6356: $? = 0
configure:6359: test -s conftest.o
configure:6362: $? = 0
configure:6373: result: yes
configure:6327: checking for memory.h
configure:6343: gcc -c -g -O2  conftest.c >&5
configure:6349: $? = 0
configure:6353: test -z 
			 || test ! -s conftest.err
configure:6356: $? = 0
configure:6359: test -s conftest.o
configure:6362: $? = 0
configure:6373: result: yes
configure:6327: checking for strings.h
configure:6343: gcc -c -g -O2  conftest.c >&5
configure:6349: $? = 0
configure:6353: test -z 
			 || test ! -s conftest.err
configure:6356: $? = 0
configure:6359: test -s conftest.o
configure:6362: $? = 0
configure:6373: result: yes
configure:6327: checking for inttypes.h
configure:6343: gcc -c -g -O2  conftest.c >&5
configure:6349: $? = 0
configure:6353: test -z 
			 || test ! -s conftest.err
configure:6356: $? = 0
configure:6359: test -s conftest.o
configure:6362: $? = 0
configure:6373: result: yes
configure:6327: checking for stdint.h
configure:6343: gcc -c -g -O2  conftest.c >&5
configure:6349: $? = 0
configure:6353: test -z 
			 || test ! -s conftest.err
configure:6356: $? = 0
configure:6359: test -s conftest.o
configure:6362: $? = 0
configure:6373: result: yes
configure:6327: checking for unistd.h
configure:6343: gcc -c -g -O2  conftest.c >&5
configure:6349: $? = 0
configure:6353: test -z 
			 || test ! -s conftest.err
configure:6356: $? = 0
configure:6359: test -s conftest.o
configure:6362: $? = 0
configure:6373: result: yes
configure:6389: checking for dlfcn.h
configure:6405: gcc -c -g -O2  conftest.c >&5
configure:6411: $? = 0
configure:6415: test -z 
			 || test ! -s conftest.err
configure:6418: $? = 0
configure:6421: test -s conftest.o
configure:6424: $? = 0
configure:6435: result: yes
configure:6497: checking for objdir
configure:6512: result: .libs
configure:6808: checking if gcc supports -fno-rtti -fno-exceptions
configure:6826: gcc -c -g -O2  -fno-rtti -fno-exceptions conftest.c >&5
cc1: warning: command line option "-fno-rtti" is valid for C++/ObjC++ but not for C
configure:6830: $? = 0
configure:6843: result: no
configure:6863: checking for gcc option to produce PIC
configure:7118: result: -fno-common -DPIC
configure:7130: checking if gcc PIC flag -fno-common -DPIC works
configure:7148: gcc -c -g -O2  -fno-common -DPIC -DPIC conftest.c >&5
configure:7152: $? = 0
configure:7165: result: yes
configure:7189: checking if gcc static flag -static works
configure:7217: result: no
configure:7232: checking if gcc supports -c -o file.o
configure:7253: gcc -c -g -O2  -o out/conftest2.o conftest.c >&5
configure:7257: $? = 0
configure:7279: result: yes
configure:7287: checking if gcc supports -c -o file.o
configure:7334: result: yes
configure:7367: checking whether the gcc linker (/usr/libexec/gcc/i686-apple-darwin10/4.2.1/ld) supports shared libraries
configure:8447: result: yes
configure:8686: checking dynamic linker characteristics
configure:9362: result: darwin10.8.0 dyld
configure:9457: checking how to hardcode library paths into programs
configure:9482: result: immediate
configure:10328: checking whether stripping libraries is possible
configure:10342: result: yes
configure:10368: checking if libtool supports shared libraries
configure:10370: result: yes
configure:10373: checking whether to build shared libraries
configure:10394: result: no
configure:10397: checking whether to build static libraries
configure:10401: result: yes
configure:10532: checking whether to enable maintainer-specific portions of Makefiles
configure:10541: result: no
configure:10571: checking whether to install libbfd
configure:10584: result: no
configure:10630: checking whether NLS is requested
configure:10636: result: yes
configure:10644: checking for catalogs to be installed
configure:10676: result:  da de es fi fr ga id nl pt_BR ro sv tr vi zh_CN da de es fi fr ga id nl pt_BR ro sv tr vi zh_CN
configure:10703: checking whether NLS is requested
configure:10712: result: yes
configure:10750: checking for msgfmt
configure:10781: result: /opt/local/bin/msgfmt
configure:10790: checking for gmsgfmt
configure:10821: result: /opt/local/bin/msgfmt
configure:10860: checking for xgettext
configure:10891: result: /opt/local/bin/xgettext
configure:10931: checking for msgmerge
configure:10961: result: /opt/local/bin/msgmerge
configure:11051: checking for a BSD-compatible install
configure:11106: result: /usr/bin/install -c
configure:11126: checking for string.h
configure:11131: result: yes
configure:11126: checking for strings.h
configure:11131: result: yes
configure:11126: checking for stdlib.h
configure:11131: result: yes
configure:11135: checking limits.h usability
configure:11147: gcc -c -g -O2  conftest.c >&5
configure:11153: $? = 0
configure:11157: test -z 
			 || test ! -s conftest.err
configure:11160: $? = 0
configure:11163: test -s conftest.o
configure:11166: $? = 0
configure:11176: result: yes
configure:11180: checking limits.h presence
configure:11190: gcc -E  conftest.c
configure:11196: $? = 0
configure:11216: result: yes
configure:11251: checking for limits.h
configure:11258: result: yes
configure:11272: checking whether basename is declared
configure:11296: gcc -c -g -O2  conftest.c >&5
conftest.c: In function 'main':
conftest.c:67: error: 'basename' undeclared (first use in this function)
conftest.c:67: error: (Each undeclared identifier is reported only once
conftest.c:67: error: for each function it appears in.)
configure:11302: $? = 1
configure: failed program was:
| /* confdefs.h.  */
| 
| #define PACKAGE_NAME ""
| #define PACKAGE_TARNAME ""
| #define PACKAGE_VERSION ""
| #define PACKAGE_STRING ""
| #define PACKAGE_BUGREPORT ""
| #define PACKAGE "opcodes"
| #define VERSION "2.18.50"
| #define _GNU_SOURCE 1
| #define STDC_HEADERS 1
| #define HAVE_SYS_TYPES_H 1
| #define HAVE_SYS_STAT_H 1
| #define HAVE_STDLIB_H 1
| #define HAVE_STRING_H 1
| #define HAVE_MEMORY_H 1
| #define HAVE_STRINGS_H 1
| #define HAVE_INTTYPES_H 1
| #define HAVE_STDINT_H 1
| #define HAVE_UNISTD_H 1
| #define HAVE_DLFCN_H 1
| #define LT_OBJDIR ".libs/"
| #define ENABLE_NLS 1
| #define HAVE_STRING_H 1
| #define HAVE_STRINGS_H 1
| #define HAVE_STDLIB_H 1
| #define HAVE_LIMITS_H 1
| /* end confdefs.h.  */
| #include <stdio.h>
| #if HAVE_SYS_TYPES_H
| # include <sys/types.h>
| #endif
| #if HAVE_SYS_STAT_H
| # include <sys/stat.h>
| #endif
| #if STDC_HEADERS
| # include <stdlib.h>
| # include <stddef.h>
| #else
| # if HAVE_STDLIB_H
| #  include <stdlib.h>
| # endif
| #endif
| #if HAVE_STRING_H
| # if !STDC_HEADERS && HAVE_MEMORY_H
| #  include <memory.h>
| # endif
| # include <string.h>
| #endif
| #if HAVE_STRINGS_H
| # include <strings.h>
| #endif
| #if HAVE_INTTYPES_H
| # include <inttypes.h>
| #else
| # if HAVE_STDINT_H
| #  include <stdint.h>
| # endif
| #endif
| #if HAVE_UNISTD_H
| # include <unistd.h>
| #endif
| int
| main ()
| {
| #ifndef basename
|   char *p = (char *) basename;
| #endif
| 
|   ;
|   return 0;
| }
configure:11326: result: no
configure:11342: checking whether stpcpy is declared
configure:11366: gcc -c -g -O2  conftest.c >&5
configure:11372: $? = 0
configure:11376: test -z 
			 || test ! -s conftest.err
configure:11379: $? = 0
configure:11382: test -s conftest.o
configure:11385: $? = 0
configure:11396: result: yes
configure:11778: creating ./config.status

## ---------------------- ##
## Running config.status. ##
## ---------------------- ##

This file was extended by config.status, which was
generated by GNU Autoconf 2.59.  Invocation command line was

  CONFIG_FILES    = 
  CONFIG_HEADERS  = 
  CONFIG_LINKS    = 
  CONFIG_COMMANDS = 
  $ ./config.status 

on KMac.local

config.status:936: creating Makefile
config.status:936: creating po/Makefile.in
config.status:1033: creating config.h
config.status:1339: executing depfiles commands
config.status:1339: executing libtool commands
config.status:1339: executing default-1 commands

## ---------------- ##
## Cache variables. ##
## ---------------- ##

ac_cv_build=i386-apple-darwin10.8.0
ac_cv_build_alias=i386-apple-darwin10.8.0
ac_cv_c_compiler_gnu=yes
ac_cv_env_CC_set=set
ac_cv_env_CC_value=gcc
ac_cv_env_CFLAGS_set=set
ac_cv_env_CFLAGS_value='-g -O2'
ac_cv_env_CPPFLAGS_set=
ac_cv_env_CPPFLAGS_value=
ac_cv_env_CPP_set=
ac_cv_env_CPP_value=
ac_cv_env_LDFLAGS_set=set
ac_cv_env_LDFLAGS_value=
ac_cv_env_build_alias_set=set
ac_cv_env_build_alias_value=i386-apple-darwin10.8.0
ac_cv_env_host_alias_set=set
ac_cv_env_host_alias_value=i386-apple-darwin10.8.0
ac_cv_env_target_alias_set=set
ac_cv_env_target_alias_value=i386-jos-elf
ac_cv_exeext=
ac_cv_have_decl_basename=no
ac_cv_have_decl_stpcpy=yes
ac_cv_header_dlfcn_h=yes
ac_cv_header_inttypes_h=yes
ac_cv_header_limits_h=yes
ac_cv_header_memory_h=yes
ac_cv_header_stdc=yes
ac_cv_header_stdint_h=yes
ac_cv_header_stdlib_h=yes
ac_cv_header_string_h=yes
ac_cv_header_strings_h=yes
ac_cv_header_sys_stat_h=yes
ac_cv_header_sys_types_h=yes
ac_cv_header_unistd_h=yes
ac_cv_host=i386-apple-darwin10.8.0
ac_cv_host_alias=i386-apple-darwin10.8.0
ac_cv_objext=o
ac_cv_path_GMSGFMT=/opt/local/bin/msgfmt
ac_cv_path_MSGFMT=/opt/local/bin/msgfmt
ac_cv_path_MSGMERGE=/opt/local/bin/msgmerge
ac_cv_path_XGETTEXT=/opt/local/bin/xgettext
ac_cv_prog_AR=ar
ac_cv_prog_AWK=awk
ac_cv_prog_CC=gcc
ac_cv_prog_CPP='gcc -E'
ac_cv_prog_RANLIB=ranlib
ac_cv_prog_ac_ct_STRIP=strip
ac_cv_prog_cc_g=yes
ac_cv_prog_cc_stdc=
ac_cv_prog_egrep='grep -E'
ac_cv_prog_fgrep='grep -F'
ac_cv_prog_make_make_set=yes
ac_cv_search_strerror='none required'
ac_cv_target=i386-jos-elf
ac_cv_target_alias=i386-jos-elf
am_cv_CC_dependencies_compiler_type=none
lt_cv_apple_cc_single_mod=yes
lt_cv_deplibs_check_method=pass_all
lt_cv_file_magic_cmd='$MAGIC_CMD'
lt_cv_file_magic_test_file=
lt_cv_ld_reload_flag=-r
lt_cv_nm_interface='BSD nm'
lt_cv_objdir=.libs
lt_cv_path_LD=/usr/libexec/gcc/i686-apple-darwin10/4.2.1/ld
lt_cv_path_NM=nm
lt_cv_path_SED=/usr/bin/sed
lt_cv_prog_compiler_c_o=yes
lt_cv_prog_compiler_rtti_exceptions=no
lt_cv_prog_gnu_ld=no
lt_cv_sys_global_symbol_pipe='sed -n -e '\''s/^.*[	 ]\([BCDEGRST][BCDEGRST]*\)[	 ][	 ]*_\([_A-Za-z][_A-Za-z0-9]*\)$/\1 _\2 \2/p'\'''
lt_cv_sys_global_symbol_to_c_name_address='sed -n -e '\''s/^: \([^ ]*\) $/  {\"\1\", (void *) 0},/p'\'' -e '\''s/^[BCDEGRST]* \([^ ]*\) \([^ ]*\)$/  {"\2", (void *) \&\2},/p'\'''
lt_cv_sys_global_symbol_to_cdecl='sed -n -e '\''s/^T .* \(.*\)$/extern int \1();/p'\'' -e '\''s/^[BCDEGRST]* .* \(.*\)$/extern char \1;/p'\'''
lt_cv_sys_max_cmd_len=196608

## ----------------- ##
## Output variables. ##
## ----------------- ##

ACLOCAL='${SHELL} /Users/kelwin/Projects/6.828/tools/gdb-6.8/missing --run aclocal-1.9'
AMDEPBACKSLASH='\'
AMDEP_FALSE='#'
AMDEP_TRUE=''
AMTAR='${SHELL} /Users/kelwin/Projects/6.828/tools/gdb-6.8/missing --run tar'
AR='ar'
AUTOCONF='${SHELL} /Users/kelwin/Projects/6.828/tools/gdb-6.8/missing --run autoconf'
AUTOHEADER='${SHELL} /Users/kelwin/Projects/6.828/tools/gdb-6.8/missing --run autoheader'
AUTOMAKE='${SHELL} /Users/kelwin/Projects/6.828/tools/gdb-6.8/missing --run automake-1.9'
AWK='awk'
BFD_MACHINES=' i386-dis.lo i386-opc.lo'
CATALOGS=' da.gmo de.gmo es.gmo fi.gmo fr.gmo ga.gmo id.gmo nl.gmo pt_BR.gmo ro.gmo sv.gmo tr.gmo vi.gmo zh_CN.gmo da.gmo de.gmo es.gmo fi.gmo fr.gmo ga.gmo id.gmo nl.gmo pt_BR.gmo ro.gmo sv.gmo tr.gmo vi.gmo zh_CN.gmo'
CATOBJEXT='.gmo'
CC='gcc'
CCDEPMODE='depmode=none'
CC_FOR_BUILD='gcc'
CFLAGS='-g -O2'
CGEN_MAINT_FALSE=''
CGEN_MAINT_TRUE='#'
CPP='gcc -E'
CPPFLAGS=''
CYGPATH_W='echo'
DATADIRNAME='share'
DEFS='-DHAVE_CONFIG_H'
DEPDIR='.deps'
DUMPBIN=''
ECHO_C='ECHO_N=''
ECHO_T=''
EGREP='grep -E'
EXEEXT=''
EXEEXT_FOR_BUILD='$(EXEEXT)'
FGREP='grep -F'
GENCAT='gencat'
GMSGFMT='/opt/local/bin/msgfmt'
GREP='grep'
HDEFINES=''
INCINTL='-I${top_builddir}/../intl'
INSTALL_DATA='/usr/bin/install -c -m 644'
INSTALL_LIBBFD_FALSE=''
INSTALL_LIBBFD_TRUE='#'
INSTALL_PROGRAM='/usr/bin/install -c'
INSTALL_SCRIPT='/usr/bin/install -c'
INSTALL_STRIP_PROGRAM='${SHELL} $(install_sh) -c -s'
INSTOBJEXT='.mo'
LD='/usr/libexec/gcc/i686-apple-darwin10/4.2.1/ld'
LDFLAGS=''
LIBINTL='${top_builddir}/../intl/libintl.a -L/usr/local/lib -liconv'
LIBINTL_DEP='${top_builddir}/../intl/libintl.a'
LIBOBJS=''
LIBS=''
LIBTOOL='$(SHELL) $(top_builddir)/libtool'
LN_S='ln -s'
LTLIBOBJS=''
MAINT='#'
MAINTAINER_MODE_FALSE=''
MAINTAINER_MODE_TRUE='#'
MAKEINFO='makeinfo --split-size=5000000'
MKINSTALLDIRS='$(top_builddir)/.././opcodes/../mkinstalldirs'
MSGFMT='/opt/local/bin/msgfmt'
MSGMERGE='/opt/local/bin/msgmerge'
NM='nm'
NO_WERROR=''
OBJEXT='o'
PACKAGE='opcodes'
PACKAGE_BUGREPORT=''
PACKAGE_NAME=''
PACKAGE_STRING=''
PACKAGE_TARNAME=''
PACKAGE_VERSION=''
PATH_SEPARATOR=':'
POSUB='po'
RANLIB='ranlib'
SED='/usr/bin/sed'
SET_MAKE=''
SHARED_DEPENDENCIES=''
SHARED_LDFLAGS=''
SHARED_LIBADD=''
SHELL='/bin/sh'
STRIP='strip'
USE_NLS='yes'
VERSION='2.18.50'
WARN_CFLAGS='-W -Wall -Wstrict-prototypes -Wmissing-prototypes'
XGETTEXT='/opt/local/bin/xgettext'
ac_ct_AR=''
ac_ct_CC=''
ac_ct_DUMPBIN=''
ac_ct_RANLIB=''
ac_ct_STRIP='strip'
am__fastdepCC_FALSE=''
am__fastdepCC_TRUE='#'
am__include='include'
am__leading_dot='.'
am__quote=''
am__tar='${AMTAR} chof - "$$tardir"'
am__untar='${AMTAR} xf -'
archdefs=' -DARCH_i386'
bfdincludedir='$(exec_prefix)/$(host_noncanonical)/$(target_noncanonical)/include'
bfdlibdir='$(exec_prefix)/$(host_noncanonical)/$(target_noncanonical)/lib'
bindir='${exec_prefix}/bin'
build='i386-apple-darwin10.8.0'
build_alias='i386-apple-darwin10.8.0'
build_cpu='i386'
build_os='darwin10.8.0'
build_vendor='apple'
cgendir='$(srcdir)/../cgen'
datadir='${prefix}/share'
exec_prefix='${prefix}'
host='i386-apple-darwin10.8.0'
host_alias='i386-apple-darwin10.8.0'
host_cpu='i386'
host_noncanonical='i386-apple-darwin10.8.0'
host_os='darwin10.8.0'
host_vendor='apple'
includedir='${prefix}/include'
infodir='${prefix}/info'
install_sh='/Users/kelwin/Projects/6.828/tools/gdb-6.8/install-sh'
libdir='${exec_prefix}/lib'
libexecdir='${exec_prefix}/libexec'
localstatedir='${prefix}/var'
lt_ECHO='/bin/echo'
mandir='${prefix}/man'
mkdir_p='$(mkinstalldirs)'
oldincludedir='/usr/include'
prefix='/usr/local'
program_transform_name='s,^,i386-jos-elf-,'
sbindir='${exec_prefix}/sbin'
sharedstatedir='${prefix}/com'
sysconfdir='${prefix}/etc'
target='i386-jos-elf'
target_alias='i386-jos-elf'
target_cpu='i386'
target_noncanonical='i386-jos-elf'
target_os='elf'
target_vendor='jos'

## ----------- ##
## confdefs.h. ##
## ----------- ##

#define ENABLE_NLS 1
#define HAVE_DECL_BASENAME 0
#define HAVE_DECL_STPCPY 1
#define HAVE_DLFCN_H 1
#define HAVE_INTTYPES_H 1
#define HAVE_LIMITS_H 1
#define HAVE_MEMORY_H 1
#define HAVE_STDINT_H 1
#define HAVE_STDLIB_H 1
#define HAVE_STDLIB_H 1
#define HAVE_STRINGS_H 1
#define HAVE_STRINGS_H 1
#define HAVE_STRING_H 1
#define HAVE_STRING_H 1
#define HAVE_SYS_STAT_H 1
#define HAVE_SYS_TYPES_H 1
#define HAVE_UNISTD_H 1
#define LT_OBJDIR ".libs/"
#define PACKAGE "opcodes"
#define PACKAGE_BUGREPORT ""
#define PACKAGE_NAME ""
#define PACKAGE_STRING ""
#define PACKAGE_TARNAME ""
#define PACKAGE_VERSION ""
#define STDC_HEADERS 1
#define VERSION "2.18.50"
#define _GNU_SOURCE 1

configure: exit 0
